Submitted batch job 46727824
Submitted batch job 46727825
Submitted batch job 46729491
Submitted batch job 46729492
Submitted batch job 46734119
Submitted batch job 46734120
Submitted batch job 46734121
Submitted batch job 46734122
Submitted batch job 46734123
Submitted batch job 46734124
Submitted batch job 46740813
Submitted batch job 46740814
Submitted batch job 46741145
Submitted batch job 46741146
Submitted batch job 46741147
Submitted batch job 46741148
Submitted batch job 46741149
Submitted batch job 46741150
SLURMD_NODENAME hal0096
SBATCH_CLUSTERS doesnt exist
SBATCH_PARTITION doesnt exist
SLURM_JOB_PARTITION main
SLURM_NODEID 0
SLURM_MEM_PER_GPU doesnt exist
SLURM_MEM_PER_CPU doesnt exist
SLURM_MEM_PER_NODE 128000
SLURM_JOB_ID 46721539
couldnt print cuda details
[2025-09-19 14:20:13.196698] Running job...
penidnign jobs:  0
Number of jobs: 0
[2025-09-19 14:20:13.518191] Job completed.
[2025-09-19 14:30:13.518341] Running job...
penidnign jobs:  0
Number of jobs: 0
[2025-09-19 14:30:13.681490] Job completed.
[2025-09-19 14:40:13.681640] Running job...
penidnign jobs:  0
Number of jobs: 0
[2025-09-19 14:40:13.770793] Job completed.
[2025-09-19 14:50:13.770965] Running job...
penidnign jobs:  0
Number of jobs: 0
[2025-09-19 14:50:13.852362] Job completed.
[2025-09-19 15:00:13.852514] Running job...
penidnign jobs:  0
Number of jobs: 0
[2025-09-19 15:00:14.030105] Job completed.
[2025-09-19 15:10:14.030256] Running job...
penidnign jobs:  0
Number of jobs: 0
[2025-09-19 15:10:14.105635] Job completed.
[2025-09-19 15:20:14.105787] Running job...
penidnign jobs:  0
Number of jobs: 0
[2025-09-19 15:20:14.185228] Job completed.
[2025-09-19 15:30:14.185387] Running job...
penidnign jobs:  0
Number of jobs: 0
[2025-09-19 15:30:14.262300] Job completed.
[2025-09-19 15:40:14.262451] Running job...
penidnign jobs:  0
Number of jobs: 0
[2025-09-19 15:40:14.343956] Job completed.
[2025-09-19 15:50:14.344115] Running job...
penidnign jobs:  0
Number of jobs: 0
[2025-09-19 15:50:14.427126] Job completed.
[2025-09-19 16:00:14.427279] Running job...
penidnign jobs:  0
Number of jobs: 4
[2025-09-19 16:00:14.613806] Job completed.
[2025-09-19 16:10:14.613978] Running job...
penidnign jobs:  0
Number of jobs: 0
[2025-09-19 16:10:14.704847] Job completed.
[2025-09-19 16:20:14.705002] Running job...
penidnign jobs:  0
Number of jobs: 0
[2025-09-19 16:20:14.785522] Job completed.
[2025-09-19 16:30:14.785665] Running job...
penidnign jobs:  0
Number of jobs: 0
[2025-09-19 16:30:14.867461] Job completed.
[2025-09-19 16:40:14.867591] Running job...
penidnign jobs:  0
Number of jobs: 0
[2025-09-19 16:40:14.938540] Job completed.
[2025-09-19 16:50:14.938701] Running job...
penidnign jobs:  0
Number of jobs: 4
[2025-09-19 16:50:15.122195] Job completed.
[2025-09-19 17:00:15.122358] Running job...
penidnign jobs:  2
[2025-09-19 17:00:15.175385] Job completed.
[2025-09-19 17:10:15.175523] Running job...
penidnign jobs:  2
[2025-09-19 17:10:15.404437] Job completed.
[2025-09-19 17:20:15.404583] Running job...
penidnign jobs:  2
[2025-09-19 17:20:15.456967] Job completed.
[2025-09-19 17:30:15.457113] Running job...
penidnign jobs:  2
[2025-09-19 17:30:15.510771] Job completed.
[2025-09-19 17:40:15.510915] Running job...
penidnign jobs:  2
[2025-09-19 17:40:15.561630] Job completed.
[2025-09-19 17:50:15.561794] Running job...
penidnign jobs:  2
[2025-09-19 17:50:15.617040] Job completed.
[2025-09-19 18:00:15.617190] Running job...
penidnign jobs:  2
[2025-09-19 18:00:15.663864] Job completed.
[2025-09-19 18:10:15.664005] Running job...
penidnign jobs:  2
[2025-09-19 18:10:15.712439] Job completed.
[2025-09-19 18:20:15.712583] Running job...
penidnign jobs:  2
[2025-09-19 18:20:15.769817] Job completed.
[2025-09-19 18:30:15.769967] Running job...
penidnign jobs:  2
[2025-09-19 18:30:15.818054] Job completed.
[2025-09-19 18:40:15.818221] Running job...
penidnign jobs:  2
[2025-09-19 18:40:15.872396] Job completed.
[2025-09-19 18:50:15.872545] Running job...
penidnign jobs:  2
[2025-09-19 18:50:15.922546] Job completed.
[2025-09-19 19:00:15.922684] Running job...
penidnign jobs:  2
[2025-09-19 19:00:15.972614] Job completed.
[2025-09-19 19:10:15.972762] Running job...
penidnign jobs:  2
[2025-09-19 19:10:16.030018] Job completed.
[2025-09-19 19:20:16.030159] Running job...
penidnign jobs:  2
[2025-09-19 19:20:16.079365] Job completed.
[2025-09-19 19:30:16.079520] Running job...
penidnign jobs:  2
[2025-09-19 19:30:16.129367] Job completed.
[2025-09-19 19:40:16.129522] Running job...
penidnign jobs:  2
[2025-09-19 19:40:16.182658] Job completed.
[2025-09-19 19:50:16.182804] Running job...
penidnign jobs:  2
[2025-09-19 19:50:16.238147] Job completed.
[2025-09-19 20:00:16.238291] Running job...
penidnign jobs:  2
[2025-09-19 20:00:16.284750] Job completed.
[2025-09-19 20:10:16.284895] Running job...
penidnign jobs:  2
[2025-09-19 20:10:16.340831] Job completed.
[2025-09-19 20:20:16.340974] Running job...
penidnign jobs:  2
[2025-09-19 20:20:16.397987] Job completed.
[2025-09-19 20:30:16.398137] Running job...
penidnign jobs:  1
[2025-09-19 20:30:16.447276] Job completed.
[2025-09-19 20:40:16.447451] Running job...
penidnign jobs:  1
[2025-09-19 20:40:16.499914] Job completed.
[2025-09-19 20:50:16.500056] Running job...
penidnign jobs:  0
Number of jobs: 12
[2025-09-19 20:50:16.932710] Job completed.
[2025-09-19 21:00:16.932855] Running job...
penidnign jobs:  6
[2025-09-19 21:00:16.980058] Job completed.
[2025-09-19 21:10:16.980199] Running job...
penidnign jobs:  6
[2025-09-19 21:10:17.034546] Job completed.
[2025-09-19 21:20:17.034689] Running job...
penidnign jobs:  6
[2025-09-19 21:20:17.087145] Job completed.
[2025-09-19 21:30:17.087287] Running job...
penidnign jobs:  6
[2025-09-19 21:30:17.138415] Job completed.
[2025-09-19 21:40:17.138551] Running job...
penidnign jobs:  6
[2025-09-19 21:40:17.188172] Job completed.
[2025-09-19 21:50:17.188322] Running job...
penidnign jobs:  6
[2025-09-19 21:50:17.241354] Job completed.
[2025-09-19 22:00:17.241495] Running job...
penidnign jobs:  6
[2025-09-19 22:00:17.292324] Job completed.
[2025-09-19 22:10:17.292490] Running job...
penidnign jobs:  6
[2025-09-19 22:10:17.347365] Job completed.
[2025-09-19 22:20:17.347511] Running job...
penidnign jobs:  6
[2025-09-19 22:20:17.398341] Job completed.
[2025-09-19 22:30:17.398481] Running job...
penidnign jobs:  6
[2025-09-19 22:30:17.453838] Job completed.
[2025-09-19 22:40:17.453975] Running job...
penidnign jobs:  6
[2025-09-19 22:40:17.507274] Job completed.
[2025-09-19 22:50:17.507453] Running job...
penidnign jobs:  6
[2025-09-19 22:50:17.559045] Job completed.
[2025-09-19 23:00:17.559184] Running job...
penidnign jobs:  6
[2025-09-19 23:00:18.376698] Job completed.
[2025-09-19 23:10:18.376846] Running job...
penidnign jobs:  6
[2025-09-19 23:10:18.427477] Job completed.
[2025-09-19 23:20:18.427612] Running job...
penidnign jobs:  6
[2025-09-19 23:20:18.479328] Job completed.
[2025-09-19 23:30:18.479483] Running job...
penidnign jobs:  6
[2025-09-19 23:30:18.531485] Job completed.
[2025-09-19 23:40:18.531629] Running job...
penidnign jobs:  3
[2025-09-19 23:40:18.585758] Job completed.
[2025-09-19 23:50:18.585896] Running job...
penidnign jobs:  2
[2025-09-19 23:50:18.635131] Job completed.
[2025-09-20 00:00:18.635272] Running job...
penidnign jobs:  1
[2025-09-20 00:00:18.685865] Job completed.
[2025-09-20 00:10:18.686013] Running job...
penidnign jobs:  1
[2025-09-20 00:10:18.740496] Job completed.
[2025-09-20 00:20:18.740639] Running job...
penidnign jobs:  0
Number of jobs: 4
[2025-09-20 00:20:19.009349] Job completed.
[2025-09-20 00:30:19.009514] Running job...
penidnign jobs:  2
[2025-09-20 00:30:19.057958] Job completed.
[2025-09-20 00:40:19.058099] Running job...
penidnign jobs:  2
[2025-09-20 00:40:19.107658] Job completed.
[2025-09-20 00:50:19.107800] Running job...
penidnign jobs:  2
[2025-09-20 00:50:19.161456] Job completed.
[2025-09-20 01:00:19.161605] Running job...
penidnign jobs:  2
[2025-09-20 01:00:19.219452] Job completed.
[2025-09-20 01:10:19.219601] Running job...
penidnign jobs:  2
[2025-09-20 01:10:19.272832] Job completed.
[2025-09-20 01:20:19.272976] Running job...
penidnign jobs:  2
[2025-09-20 01:20:19.326324] Job completed.
[2025-09-20 01:30:19.326467] Running job...
penidnign jobs:  2
[2025-09-20 01:30:19.377736] Job completed.
[2025-09-20 01:40:19.377884] Running job...
penidnign jobs:  2
[2025-09-20 01:40:19.429727] Job completed.
[2025-09-20 01:50:19.429879] Running job...
penidnign jobs:  0
Number of jobs: 12
[2025-09-20 01:50:19.825751] Job completed.
[2025-09-20 02:00:19.825901] Running job...
penidnign jobs:  0
Number of jobs: 0
[2025-09-20 02:00:19.988836] Job completed.Submitted batch job 46741642
Submitted batch job 46741643
Submitted batch job 46741644
Submitted batch job 46741645
Submitted batch job 46743935
Submitted batch job 46743936
Submitted batch job 46744124
Submitted batch job 46744125
Submitted batch job 46744377
Submitted batch job 46744378
Submitted batch job 46744740
Submitted batch job 46744741
Submitted batch job 46745095
Submitted batch job 46745096
Submitted batch job 46745349
Submitted batch job 46745350
Submitted batch job 46745351
Submitted batch job 46745352
Submitted batch job 46745739
Submitted batch job 46745740
Submitted batch job 46745866
Submitted batch job 46745867
Submitted batch job 46746113
Submitted batch job 46746114
Submitted batch job 46746115
Submitted batch job 46746116
Submitted batch job 46746377
Submitted batch job 46746378
Submitted batch job 46746515
Submitted batch job 46746516
Submitted batch job 46746825
Submitted batch job 46746826
Submitted batch job 46746845
Submitted batch job 46746846
Submitted batch job 46746856
Submitted batch job 46746857
Submitted batch job 46746907
Submitted batch job 46746908
Submitted batch job 46746930
Submitted batch job 46746931
Submitted batch job 46746954
Submitted batch job 46746955
Submitted batch job 46746956
Submitted batch job 46746957
Submitted batch job 46746988
Submitted batch job 46746989

[2025-09-20 02:10:19.989906] Running job...
penidnign jobs:  0
Number of jobs: 0
[2025-09-20 02:10:20.070601] Job completed.
[2025-09-20 02:20:20.070747] Running job...
penidnign jobs:  0
Number of jobs: 0
[2025-09-20 02:20:20.148509] Job completed.
[2025-09-20 02:30:20.148651] Running job...
penidnign jobs:  0
Number of jobs: 0
[2025-09-20 02:30:20.226767] Job completed.
[2025-09-20 02:40:20.226902] Running job...
penidnign jobs:  0
Number of jobs: 0
[2025-09-20 02:40:20.306521] Job completed.
[2025-09-20 02:50:20.306666] Running job...
penidnign jobs:  0
Number of jobs: 8
[2025-09-20 02:50:20.550821] Job completed.
[2025-09-20 03:00:20.550979] Running job...
penidnign jobs:  0
Number of jobs: 0
[2025-09-20 03:00:20.666769] Job completed.
[2025-09-20 03:10:20.666915] Running job...
penidnign jobs:  0
Number of jobs: 0
[2025-09-20 03:10:20.747892] Job completed.
[2025-09-20 03:20:20.748033] Running job...
penidnign jobs:  0
Number of jobs: 0
[2025-09-20 03:20:20.826743] Job completed.
[2025-09-20 03:30:20.826876] Running job...
penidnign jobs:  0
Number of jobs: 4
[2025-09-20 03:30:20.999919] Job completed.
[2025-09-20 03:40:21.000067] Running job...
penidnign jobs:  0
Number of jobs: 0
[2025-09-20 03:40:21.130972] Job completed.
[2025-09-20 03:50:21.131114] Running job...
penidnign jobs:  0
Number of jobs: 4
[2025-09-20 03:50:21.273263] Job completed.
[2025-09-20 04:00:21.273412] Running job...
penidnign jobs:  0
Number of jobs: 0
[2025-09-20 04:00:21.372032] Job completed.
[2025-09-20 04:10:21.372182] Running job...
penidnign jobs:  0
Number of jobs: 0
[2025-09-20 04:10:21.452518] Job completed.
[2025-09-20 04:20:21.452657] Running job...
penidnign jobs:  0
Number of jobs: 0
[2025-09-20 04:20:21.539262] Job completed.
[2025-09-20 04:30:21.539404] Running job...
penidnign jobs:  0
Number of jobs: 4
[2025-09-20 04:30:21.681593] Job completed.
[2025-09-20 04:40:21.681740] Running job...
penidnign jobs:  0
Number of jobs: 0
[2025-09-20 04:40:21.777619] Job completed.
[2025-09-20 04:50:21.777754] Running job...
penidnign jobs:  0
Number of jobs: 0
[2025-09-20 04:50:21.851509] Job completed.
[2025-09-20 05:00:21.851612] Running job...
penidnign jobs:  0
Number of jobs: 4
[2025-09-20 05:00:22.042961] Job completed.
[2025-09-20 05:10:22.043124] Running job...
penidnign jobs:  0
Number of jobs: 0
[2025-09-20 05:10:22.156709] Job completed.
[2025-09-20 05:20:22.156849] Running job...
penidnign jobs:  0
Number of jobs: 0
[2025-09-20 05:20:22.239727] Job completed.
[2025-09-20 05:30:22.239879] Running job...
penidnign jobs:  0
Number of jobs: 0
[2025-09-20 05:30:22.323030] Job completed.
[2025-09-20 05:40:22.323173] Running job...
penidnign jobs:  0
Number of jobs: 0
[2025-09-20 05:40:22.402944] Job completed.
[2025-09-20 05:50:22.403078] Running job...
penidnign jobs:  0
Number of jobs: 4
[2025-09-20 05:50:22.553737] Job completed.
[2025-09-20 06:00:22.553885] Running job...
penidnign jobs:  0
Number of jobs: 0
[2025-09-20 06:00:22.701791] Job completed.
[2025-09-20 06:10:22.701932] Running job...
penidnign jobs:  0
Number of jobs: 8
[2025-09-20 06:10:22.944277] Job completed.
[2025-09-20 06:20:22.944454] Running job...
penidnign jobs:  0
Number of jobs: 0
[2025-09-20 06:20:23.110864] Job completed.
[2025-09-20 06:30:23.111011] Running job...
penidnign jobs:  0
Number of jobs: 0
[2025-09-20 06:30:23.190590] Job completed.
[2025-09-20 06:40:23.190741] Running job...
penidnign jobs:  0
Number of jobs: 0
[2025-09-20 06:40:23.272689] Job completed.
[2025-09-20 06:50:23.272832] Running job...
penidnign jobs:  0
Number of jobs: 0
[2025-09-20 06:50:23.353994] Job completed.
[2025-09-20 07:00:23.354134] Running job...
penidnign jobs:  0
Number of jobs: 0
[2025-09-20 07:00:23.451300] Job completed.
[2025-09-20 07:10:23.451448] Running job...
penidnign jobs:  0
Number of jobs: 4
[2025-09-20 07:10:23.609979] Job completed.
[2025-09-20 07:20:23.610143] Running job...
penidnign jobs:  0
Number of jobs: 4
[2025-09-20 07:20:23.812982] Job completed.
[2025-09-20 07:30:23.813131] Running job...
penidnign jobs:  0
Number of jobs: 0
[2025-09-20 07:30:23.934591] Job completed.
[2025-09-20 07:40:23.934736] Running job...
penidnign jobs:  0
Number of jobs: 0
[2025-09-20 07:40:24.016747] Job completed.
[2025-09-20 07:50:24.016890] Running job...
penidnign jobs:  0
Number of jobs: 8
[2025-09-20 07:50:24.273131] Job completed.
[2025-09-20 08:00:24.273281] Running job...
penidnign jobs:  0
Number of jobs: 0
[2025-09-20 08:00:24.378098] Job completed.
[2025-09-20 08:10:24.378237] Running job...
penidnign jobs:  0
Number of jobs: 0
[2025-09-20 08:10:24.459071] Job completed.
[2025-09-20 08:20:24.459216] Running job...
penidnign jobs:  0
Number of jobs: 4
[2025-09-20 08:20:24.642159] Job completed.
[2025-09-20 08:30:24.642321] Running job...
penidnign jobs:  0
Number of jobs: 0
[2025-09-20 08:30:24.777520] Job completed.
[2025-09-20 08:40:24.777660] Running job...
penidnign jobs:  0
Number of jobs: 0
[2025-09-20 08:40:24.857104] Job completed.
[2025-09-20 08:50:24.857243] Running job...
penidnign jobs:  0
Number of jobs: 4
[2025-09-20 08:50:25.019247] Job completed.
[2025-09-20 09:00:25.019417] Running job...
penidnign jobs:  0
Number of jobs: 0
[2025-09-20 09:00:25.130171] Job completed.
[2025-09-20 09:10:25.130318] Running job...
penidnign jobs:  0
Number of jobs: 0
[2025-09-20 09:10:25.239529] Job completed.
[2025-09-20 09:20:25.239670] Running job...
penidnign jobs:  0
Number of jobs: 0
[2025-09-20 09:20:25.317477] Job completed.
[2025-09-20 09:30:25.317619] Running job...
penidnign jobs:  0
Number of jobs: 4
[2025-09-20 09:30:25.480637] Job completed.
[2025-09-20 09:40:25.480782] Running job...
penidnign jobs:  0
Number of jobs: 0
[2025-09-20 09:40:25.612628] Job completed.
[2025-09-20 09:50:25.612772] Running job...
penidnign jobs:  0
Number of jobs: 0
[2025-09-20 09:50:25.691249] Job completed.
[2025-09-20 10:00:25.691390] Running job...
penidnign jobs:  0
Number of jobs: 0
[2025-09-20 10:00:25.767989] Job completed.
[2025-09-20 10:10:25.768130] Running job...
penidnign jobs:  0
Number of jobs: 4
[2025-09-20 10:10:25.938361] Job completed.
[2025-09-20 10:20:25.938513] Running job...
penidnign jobs:  0
Number of jobs: 4
[2025-09-20 10:20:26.164376] Job completed.
[2025-09-20 10:30:26.164530] Running job...
penidnign jobs:  0
Number of jobs: 0
[2025-09-20 10:30:26.285234] Job completed.
[2025-09-20 10:40:26.285382] Running job...
penidnign jobs:  0
Number of jobs: 0
[2025-09-20 10:40:26.369843] Job completed.
[2025-09-20 10:50:26.369982] Running job...
penidnign jobs:  0
Number of jobs: 0
[2025-09-20 10:50:26.451568] Job completed.
[2025-09-20 11:00:26.451705] Running job...
penidnign jobs:  0
Number of jobs: 0
[2025-09-20 11:00:26.534740] Job completed.
[2025-09-20 11:10:26.534879] Running job...
penidnign jobs:  0
Number of jobs: 4
[2025-09-20 11:10:26.680257] Job completed.
[2025-09-20 11:20:26.680410] Running job...
penidnign jobs:  0
Number of jobs: 0
[2025-09-20 11:20:26.763364] Job completed.
[2025-09-20 11:30:26.763503] Running job...
penidnign jobs:  0
Number of jobs: 0
[2025-09-20 11:30:26.875601] Job completed.
[2025-09-20 11:40:26.875743] Running job...
penidnign jobs:  0
Number of jobs: 0
[2025-09-20 11:40:26.955844] Job completed.
[2025-09-20 11:50:26.955979] Running job...
penidnign jobs:  0
Number of jobs: 4
[2025-09-20 11:50:27.099111] Job completed.
[2025-09-20 12:00:27.099264] Running job...
penidnign jobs:  0
Number of jobs: 8
[2025-09-20 12:00:27.351563] Job completed.
[2025-09-20 12:10:27.351679] Running job...
penidnign jobs:  0
Number of jobs: 0
[2025-09-20 12:10:27.498767] Job completed.
[2025-09-20 12:20:27.498912] Running job...
penidnign jobs:  0
Number of jobs: 0
[2025-09-20 12:20:27.580788] Job completed.
[2025-09-20 12:30:27.580939] Running job...
penidnign jobs:  0
Number of jobs: 0
[2025-09-20 12:30:27.659338] Job completed.
[2025-09-20 12:40:27.659489] Running job...
penidnign jobs:  0
Number of jobs: 0
[2025-09-20 12:40:27.738624] Job completed.
[2025-09-20 12:50:27.738762] Running job...
penidnign jobs:  0
Number of jobs: 4
[2025-09-20 12:50:27.886969] Job completed.
[2025-09-20 13:00:27.887126] Running job...
penidnign jobs:  0
Number of jobs: 4Submitted batch job 46746996
Submitted batch job 46746997
Submitted batch job 46747295
Submitted batch job 46747296
Submitted batch job 46747513
Submitted batch job 46747514
Submitted batch job 46748530
Submitted batch job 46748531
Submitted batch job 46749746
Submitted batch job 46749747
Submitted batch job 46750750
Submitted batch job 46750751
Submitted batch job 46751809
Submitted batch job 46751810
Submitted batch job 46753096
Submitted batch job 46753097
Submitted batch job 46753102
Submitted batch job 46753103
Submitted batch job 46753140
Submitted batch job 46753141
Submitted batch job 46753162
Submitted batch job 46753163
Submitted batch job 46753218
Submitted batch job 46753219
Submitted batch job 46753242
Submitted batch job 46753243
Submitted batch job 46753244
Submitted batch job 46753245
Submitted batch job 46753507
Submitted batch job 46753508
Submitted batch job 46753729
Submitted batch job 46753730
Submitted batch job 46753731
Submitted batch job 46753732
Submitted batch job 46753738
Submitted batch job 46753739
Submitted batch job 46757103
Submitted batch job 46757104
Submitted batch job 46758190
Submitted batch job 46758191
Submitted batch job 46761616
Submitted batch job 46761617
Submitted batch job 46762473
Submitted batch job 46762474
Submitted batch job 46763320
Submitted batch job 46763321
Submitted batch job 46768585
Submitted batch job 46768586
Submitted batch job 46771234
Submitted batch job 46771235
Submitted batch job 46771943
Submitted batch job 46771944

[2025-09-20 13:00:28.067558] Job completed.
[2025-09-20 13:10:28.067717] Running job...
penidnign jobs:  0
Number of jobs: 0
[2025-09-20 13:10:28.199969] Job completed.
[2025-09-20 13:20:28.200111] Running job...
penidnign jobs:  0
Number of jobs: 4
[2025-09-20 13:20:28.342056] Job completed.
[2025-09-20 13:30:28.342193] Running job...
penidnign jobs:  0
Number of jobs: 0
[2025-09-20 13:30:28.470541] Job completed.
[2025-09-20 13:40:28.470687] Running job...
penidnign jobs:  0
Number of jobs: 4
[2025-09-20 13:40:28.628443] Job completed.
[2025-09-20 13:50:28.628588] Running job...
penidnign jobs:  0
Number of jobs: 0
[2025-09-20 13:50:28.765037] Job completed.
[2025-09-20 14:00:28.765182] Running job...
penidnign jobs:  0
Number of jobs: 0
[2025-09-20 14:00:28.844201] Job completed.
[2025-09-20 14:10:28.844339] Running job...
penidnign jobs:  0
Number of jobs: 0
[2025-09-20 14:10:28.933488] Job completed.
[2025-09-20 14:20:28.933634] Running job...
penidnign jobs:  0
Number of jobs: 0
[2025-09-20 14:20:29.014202] Job completed.
[2025-09-20 14:30:29.014356] Running job...
penidnign jobs:  0
Number of jobs: 0
[2025-09-20 14:30:29.094808] Job completed.
[2025-09-20 14:40:29.094949] Running job...
penidnign jobs:  0
Number of jobs: 0
[2025-09-20 14:40:29.175415] Job completed.
[2025-09-20 14:50:29.175587] Running job...
penidnign jobs:  0
Number of jobs: 4
[2025-09-20 14:50:29.329666] Job completed.
[2025-09-20 15:00:29.329820] Running job...
penidnign jobs:  0
Number of jobs: 0
[2025-09-20 15:00:29.432592] Job completed.
[2025-09-20 15:10:29.432737] Running job...
penidnign jobs:  0
Number of jobs: 4
[2025-09-20 15:10:29.587052] Job completed.
[2025-09-20 15:20:29.587214] Running job...
penidnign jobs:  0
Number of jobs: 4
[2025-09-20 15:20:29.799665] Job completed.
[2025-09-20 15:30:29.799820] Running job...
penidnign jobs:  0
Number of jobs: 4
[2025-09-20 15:30:29.987768] Job completed.
[2025-09-20 15:40:29.987919] Running job...
penidnign jobs:  0
Number of jobs: 0
[2025-09-20 15:40:30.131398] Job completed.
[2025-09-20 15:50:30.131548] Running job...
penidnign jobs:  0
Number of jobs: 0
[2025-09-20 15:50:30.211888] Job completed.
[2025-09-20 16:00:30.212022] Running job...
penidnign jobs:  0
Number of jobs: 0
[2025-09-20 16:00:30.293025] Job completed.
[2025-09-20 16:10:30.293163] Running job...
penidnign jobs:  0
Number of jobs: 4
[2025-09-20 16:10:30.442626] Job completed.
[2025-09-20 16:20:30.442786] Running job...
penidnign jobs:  0
Number of jobs: 4
[2025-09-20 16:20:30.634073] Job completed.
[2025-09-20 16:30:30.634220] Running job...
penidnign jobs:  0
Number of jobs: 0
[2025-09-20 16:30:30.742224] Job completed.
[2025-09-20 16:40:30.742364] Running job...
penidnign jobs:  0
Number of jobs: 0
[2025-09-20 16:40:30.825072] Job completed.
[2025-09-20 16:50:30.825206] Running job...
penidnign jobs:  0
Number of jobs: 0
[2025-09-20 16:50:30.930966] Job completed.
[2025-09-20 17:00:30.931106] Running job...
penidnign jobs:  0
Number of jobs: 4
[2025-09-20 17:00:31.073622] Job completed.
[2025-09-20 17:10:31.073763] Running job...
penidnign jobs:  0
Number of jobs: 4
[2025-09-20 17:10:31.220027] Job completed.
[2025-09-20 17:20:31.220173] Running job...
penidnign jobs:  0
Number of jobs: 0
[2025-09-20 17:20:31.316333] Job completed.
[2025-09-20 17:30:31.316467] Running job...
penidnign jobs:  0
Number of jobs: 0
[2025-09-20 17:30:31.393109] Job completed.
[2025-09-20 17:40:31.393249] Running job...
penidnign jobs:  0
Number of jobs: 0
[2025-09-20 17:40:31.473512] Job completed.
[2025-09-20 17:50:31.473651] Running job...
penidnign jobs:  0
Number of jobs: 4
[2025-09-20 17:50:31.617960] Job completed.
[2025-09-20 18:00:31.618098] Running job...
penidnign jobs:  0
Number of jobs: 0
[2025-09-20 18:00:31.717540] Job completed.
[2025-09-20 18:10:31.717677] Running job...
penidnign jobs:  0
Number of jobs: 8
[2025-09-20 18:10:31.921652] Job completed.
[2025-09-20 18:20:31.921796] Running job...
penidnign jobs:  0
Number of jobs: 0
[2025-09-20 18:20:32.028492] Job completed.
[2025-09-20 18:30:32.028632] Running job...
penidnign jobs:  0
Number of jobs: 0
[2025-09-20 18:30:32.136643] Job completed.
[2025-09-20 18:40:32.136779] Running job...
penidnign jobs:  0
Number of jobs: 4
[2025-09-20 18:40:32.280229] Job completed.
[2025-09-20 18:50:32.280375] Running job...
penidnign jobs:  0
Number of jobs: 0
[2025-09-20 18:50:32.447485] Job completed.
[2025-09-20 19:00:32.447625] Running job...
penidnign jobs:  0
Number of jobs: 0
[2025-09-20 19:00:32.526596] Job completed.
[2025-09-20 19:10:32.526738] Running job...
penidnign jobs:  0
Number of jobs: 8
[2025-09-20 19:10:32.774788] Job completed.
[2025-09-20 19:20:32.774929] Running job...
penidnign jobs:  0
Number of jobs: 4
[2025-09-20 19:20:32.984291] Job completed.
[2025-09-20 19:30:32.984447] Running job...
penidnign jobs:  0
Number of jobs: 0
[2025-09-20 19:30:33.102179] Job completed.
[2025-09-20 19:40:33.102327] Running job...
penidnign jobs:  0
Number of jobs: 0
[2025-09-20 19:40:33.213707] Job completed.
[2025-09-20 19:50:33.213850] Running job...
penidnign jobs:  0
Number of jobs: 0
[2025-09-20 19:50:33.299378] Job completed.
[2025-09-20 20:00:33.299529] Running job...
penidnign jobs:  0
Number of jobs: 0
[2025-09-20 20:00:33.408838] Job completed.
[2025-09-20 20:10:33.408969] Running job...
penidnign jobs:  0
Number of jobs: 4
[2025-09-20 20:10:33.581627] Job completed.
[2025-09-20 20:20:33.581763] Running job...
penidnign jobs:  0
Number of jobs: 4
[2025-09-20 20:20:33.817089] Job completed.
[2025-09-20 20:30:33.817252] Running job...
penidnign jobs:  0
Number of jobs: 0
[2025-09-20 20:30:33.931862] Job completed.
[2025-09-20 20:40:33.932005] Running job...
penidnign jobs:  0
Number of jobs: 0
[2025-09-20 20:40:34.078404] Job completed.
[2025-09-20 20:50:34.078557] Running job...
penidnign jobs:  0
Number of jobs: 0
[2025-09-20 20:50:34.185710] Job completed.
[2025-09-20 21:00:34.185841] Running job...
penidnign jobs:  0
Number of jobs: 4
[2025-09-20 21:00:34.345134] Job completed.
[2025-09-20 21:10:34.345269] Running job...
penidnign jobs:  0
Number of jobs: 4
[2025-09-20 21:10:34.558430] Job completed.
[2025-09-20 21:20:34.558568] Running job...
penidnign jobs:  0
Number of jobs: 4
[2025-09-20 21:20:34.756099] Job completed.
[2025-09-20 21:30:34.756242] Running job...
penidnign jobs:  0
Number of jobs: 0
[2025-09-20 21:30:34.909447] Job completed.
[2025-09-20 21:40:34.909598] Running job...
penidnign jobs:  0
Number of jobs: 0
[2025-09-20 21:40:34.993515] Job completed.
[2025-09-20 21:50:34.993650] Running job...
penidnign jobs:  0
Number of jobs: 0
[2025-09-20 21:50:35.081901] Job completed.
[2025-09-20 22:00:35.082040] Running job...
penidnign jobs:  0
Number of jobs: 0
[2025-09-20 22:00:35.157799] Job completed.
[2025-09-20 22:10:35.157939] Running job...
penidnign jobs:  0
Number of jobs: 0
[2025-09-20 22:10:35.238950] Job completed.
[2025-09-20 22:20:35.239090] Running job...
penidnign jobs:  0
Number of jobs: 4
[2025-09-20 22:20:35.419342] Job completed.
[2025-09-20 22:30:35.419489] Running job...
penidnign jobs:  0
Number of jobs: 0
[2025-09-20 22:30:35.504213] Job completed.
[2025-09-20 22:40:35.504350] Running job...
penidnign jobs:  0
Number of jobs: 0
[2025-09-20 22:40:35.616057] Job completed.
[2025-09-20 22:50:35.616194] Running job...
penidnign jobs:  0
Number of jobs: 4
[2025-09-20 22:50:35.762894] Job completed.
[2025-09-20 23:00:35.763033] Running job...
penidnign jobs:  0
Number of jobs: 4
[2025-09-20 23:00:35.951869] Job completed.
[2025-09-20 23:10:35.951997] Running job...
penidnign jobs:  0
Number of jobs: 0
[2025-09-20 23:10:36.057451] Job completed.
[2025-09-20 23:20:36.057589] Running job...
penidnign jobs:  0
Number of jobs: 0
[2025-09-20 23:20:36.133428] Job completed.
[2025-09-20 23:30:36.133581] Running job...
penidnign jobs:  0
Number of jobs: 0
[2025-09-20 23:30:36.213329] Job completed.
[2025-09-20 23:40:36.213475] Running job...
penidnign jobs:  0
Number of jobs: 0
[2025-09-20 23:40:36.791349] Job completed.
[2025-09-20 23:50:36.791484] Running job...
penidnign jobs:  0
Number of jobs: 0
[2025-09-20 23:50:36.865705] Job completed.
[2025-09-21 00:00:36.865842] Running job...Submitted batch job 46775952
Submitted batch job 46775953
Submitted batch job 46776086
Submitted batch job 46776087
Submitted batch job 46776162
Submitted batch job 46776163
Submitted batch job 46776195
Submitted batch job 46776196
Submitted batch job 46776217
Submitted batch job 46776218
Submitted batch job 46777095
Submitted batch job 46777096
Submitted batch job 46777361
Submitted batch job 46777362
Submitted batch job 46777642
Submitted batch job 46777643
Submitted batch job 46778551
Submitted batch job 46778552
Submitted batch job 46778645
Submitted batch job 46778646
Submitted batch job 46778817
Submitted batch job 46778818
Submitted batch job 46779131
Submitted batch job 46779132
Submitted batch job 46779230
Submitted batch job 46779231
Submitted batch job 46779275
Submitted batch job 46779276
Submitted batch job 46779282
Submitted batch job 46779283
Submitted batch job 46779293
Submitted batch job 46779294
Submitted batch job 46779302
Submitted batch job 46779303

penidnign jobs:  0
Number of jobs: 0
[2025-09-21 00:00:36.946426] Job completed.
[2025-09-21 00:10:36.946565] Running job...
penidnign jobs:  0
Number of jobs: 0
[2025-09-21 00:10:37.025996] Job completed.
[2025-09-21 00:20:37.026135] Running job...
penidnign jobs:  0
Number of jobs: 0
[2025-09-21 00:20:37.108730] Job completed.
[2025-09-21 00:30:37.108869] Running job...
penidnign jobs:  0
Number of jobs: 4
[2025-09-21 00:30:37.263225] Job completed.
[2025-09-21 00:40:37.263374] Running job...
penidnign jobs:  0
Number of jobs: 0
[2025-09-21 00:40:37.477576] Job completed.
[2025-09-21 00:50:37.477716] Running job...
penidnign jobs:  0
Number of jobs: 4
[2025-09-21 00:50:37.650801] Job completed.
[2025-09-21 01:00:37.650949] Running job...
penidnign jobs:  0
Number of jobs: 0
[2025-09-21 01:00:37.787520] Job completed.
[2025-09-21 01:10:37.787662] Running job...
penidnign jobs:  0
Number of jobs: 4
[2025-09-21 01:10:37.956212] Job completed.
[2025-09-21 01:20:37.956366] Running job...
penidnign jobs:  0
Number of jobs: 0
[2025-09-21 01:20:38.119985] Job completed.
[2025-09-21 01:30:38.120123] Running job...
penidnign jobs:  0
Number of jobs: 0
[2025-09-21 01:30:38.246009] Job completed.
[2025-09-21 01:40:38.246143] Running job...
penidnign jobs:  0
Number of jobs: 4
[2025-09-21 01:40:38.424890] Job completed.
[2025-09-21 01:50:38.425040] Running job...
penidnign jobs:  0
Number of jobs: 0
[2025-09-21 01:50:38.546052] Job completed.
[2025-09-21 02:00:38.546189] Running job...
penidnign jobs:  0
Number of jobs: 0
[2025-09-21 02:00:38.625829] Job completed.
[2025-09-21 02:10:38.625965] Running job...
penidnign jobs:  0
Number of jobs: 4
[2025-09-21 02:10:38.790825] Job completed.
[2025-09-21 02:20:38.790972] Running job...
penidnign jobs:  0
Number of jobs: 0
[2025-09-21 02:20:38.891195] Job completed.
[2025-09-21 02:30:38.891338] Running job...
penidnign jobs:  0
Number of jobs: 0
[2025-09-21 02:30:38.997800] Job completed.
[2025-09-21 02:40:38.997936] Running job...
penidnign jobs:  0
Number of jobs: 0
[2025-09-21 02:40:39.077616] Job completed.
[2025-09-21 02:50:39.077753] Running job...
penidnign jobs:  0
Number of jobs: 0
[2025-09-21 02:50:39.192159] Job completed.
[2025-09-21 03:00:39.192296] Running job...
penidnign jobs:  0
Number of jobs: 0
[2025-09-21 03:00:39.267297] Job completed.
[2025-09-21 03:10:39.267451] Running job...
penidnign jobs:  0
Number of jobs: 0
[2025-09-21 03:10:39.377871] Job completed.
[2025-09-21 03:20:39.378007] Running job...
penidnign jobs:  0
Number of jobs: 4
[2025-09-21 03:20:39.523568] Job completed.
[2025-09-21 03:30:39.523715] Running job...
penidnign jobs:  0
Number of jobs: 0
[2025-09-21 03:30:39.695837] Job completed.
[2025-09-21 03:40:39.695978] Running job...
penidnign jobs:  0
Number of jobs: 0
[2025-09-21 03:40:39.779284] Job completed.
[2025-09-21 03:50:39.779445] Running job...
penidnign jobs:  0
Number of jobs: 4
[2025-09-21 03:50:39.975844] Job completed.
[2025-09-21 04:00:39.975994] Running job...
penidnign jobs:  0
Number of jobs: 0
[2025-09-21 04:00:40.084857] Job completed.
[2025-09-21 04:10:40.084998] Running job...
penidnign jobs:  0
Number of jobs: 0
[2025-09-21 04:10:40.165711] Job completed.
[2025-09-21 04:20:40.165854] Running job...
penidnign jobs:  0
Number of jobs: 4
[2025-09-21 04:20:40.317598] Job completed.
[2025-09-21 04:30:40.317747] Running job...
penidnign jobs:  0
Number of jobs: 0
[2025-09-21 04:30:40.402146] Job completed.
[2025-09-21 04:40:40.402284] Running job...
penidnign jobs:  0
Number of jobs: 0
[2025-09-21 04:40:40.949832] Job completed.
[2025-09-21 04:50:40.949970] Running job...
penidnign jobs:  0
Number of jobs: 0
[2025-09-21 04:50:41.424800] Job completed.
[2025-09-21 05:00:41.424940] Running job...
penidnign jobs:  0
Number of jobs: 0
[2025-09-21 05:00:41.573332] Job completed.
[2025-09-21 05:10:41.573488] Running job...
penidnign jobs:  0
Number of jobs: 0
[2025-09-21 05:10:41.702464] Job completed.
[2025-09-21 05:20:41.702606] Running job...
penidnign jobs:  0
Number of jobs: 4
[2025-09-21 05:20:42.003481] Job completed.
[2025-09-21 05:30:42.003622] Running job...
penidnign jobs:  0
Number of jobs: 4
[2025-09-21 05:30:42.170872] Job completed.
[2025-09-21 05:40:42.171035] Running job...
penidnign jobs:  0
Number of jobs: 0
[2025-09-21 05:40:42.255857] Job completed.
[2025-09-21 05:50:42.255994] Running job...
penidnign jobs:  0
Number of jobs: 0
[2025-09-21 05:50:42.334866] Job completed.
[2025-09-21 06:00:42.335001] Running job...
penidnign jobs:  0
Number of jobs: 4
[2025-09-21 06:00:42.480904] Job completed.
[2025-09-21 06:10:42.481052] Running job...
penidnign jobs:  0
Number of jobs: 0
[2025-09-21 06:10:42.568226] Job completed.
[2025-09-21 06:20:42.568364] Running job...
penidnign jobs:  0
Number of jobs: 0
[2025-09-21 06:20:42.656617] Job completed.
[2025-09-21 06:30:42.656754] Running job...
penidnign jobs:  0
Number of jobs: 0
[2025-09-21 06:30:42.734588] Job completed.
[2025-09-21 06:40:42.734728] Running job...
penidnign jobs:  0
Number of jobs: 0
[2025-09-21 06:40:42.847255] Job completed.
[2025-09-21 06:50:42.847392] Running job...
penidnign jobs:  0
Number of jobs: 0
[2025-09-21 06:50:42.952464] Job completed.
[2025-09-21 07:00:42.952602] Running job...
penidnign jobs:  0
Number of jobs: 4
[2025-09-21 07:00:43.121587] Job completed.
[2025-09-21 07:10:43.121723] Running job...
penidnign jobs:  0
Number of jobs: 4
[2025-09-21 07:10:43.366565] Job completed.
[2025-09-21 07:20:43.366712] Running job...
penidnign jobs:  0
Number of jobs: 0
[2025-09-21 07:20:43.507507] Job completed.
[2025-09-21 07:30:43.507650] Running job...
penidnign jobs:  0
Number of jobs: 0
[2025-09-21 07:30:43.588157] Job completed.
[2025-09-21 07:40:43.588297] Running job...
penidnign jobs:  0
Number of jobs: 0
[2025-09-21 07:40:43.672680] Job completed.
[2025-09-21 07:50:43.672819] Running job...
penidnign jobs:  0
Number of jobs: 0
[2025-09-21 07:50:43.754828] Job completed.
[2025-09-21 08:00:43.754971] Running job...
penidnign jobs:  0
Number of jobs: 0
[2025-09-21 08:00:43.840686] Job completed.
[2025-09-21 08:10:43.840819] Running job...
penidnign jobs:  0
Number of jobs: 0
[2025-09-21 08:10:43.983192] Job completed.
[2025-09-21 08:20:43.983329] Running job...
penidnign jobs:  0
Number of jobs: 0
[2025-09-21 08:20:44.062750] Job completed.
[2025-09-21 08:30:44.062887] Running job...
penidnign jobs:  0
Number of jobs: 4
[2025-09-21 08:30:44.218136] Job completed.
[2025-09-21 08:40:44.218284] Running job...
penidnign jobs:  0
Number of jobs: 0
[2025-09-21 08:40:44.301703] Job completed.
[2025-09-21 08:50:44.301845] Running job...
penidnign jobs:  0
Number of jobs: 4
[2025-09-21 08:50:44.450188] Job completed.
[2025-09-21 09:00:44.450339] Running job...
penidnign jobs:  0
Number of jobs: 0
[2025-09-21 09:00:44.535629] Job completed.
[2025-09-21 09:10:44.535792] Running job...
penidnign jobs:  0
Number of jobs: 0
[2025-09-21 09:10:44.613678] Job completed.
[2025-09-21 09:20:44.613830] Running job...
penidnign jobs:  0
Number of jobs: 0
[2025-09-21 09:20:44.696613] Job completed.
[2025-09-21 09:30:44.696747] Running job...
penidnign jobs:  0
Number of jobs: 4
[2025-09-21 09:30:44.848638] Job completed.
[2025-09-21 09:40:44.848795] Running job...
penidnign jobs:  0
Number of jobs: 0
[2025-09-21 09:40:44.958946] Job completed.
[2025-09-21 09:50:44.959089] Running job...
penidnign jobs:  0
Number of jobs: 4
[2025-09-21 09:50:45.128587] Job completed.
[2025-09-21 10:00:45.128750] Running job...
penidnign jobs:  0
Number of jobs: 0
[2025-09-21 10:00:45.252497] Job completed.
[2025-09-21 10:10:45.252653] Running job...
penidnign jobs:  0
Number of jobs: 0
[2025-09-21 10:10:45.338490] Job completed.
[2025-09-21 10:20:45.338633] Running job...
penidnign jobs:  0
Number of jobs: 0
[2025-09-21 10:20:45.424151] Job completed.
[2025-09-21 10:30:45.424295] Running job...
penidnign jobs:  0
Number of jobs: 0
[2025-09-21 10:30:45.507087] Job completed.
[2025-09-21 10:40:45.507232] Running job...
penidnign jobs:  0
Number of jobs: 0
[2025-09-21 10:40:45.589063] Job completed.
[2025-09-21 10:50:45.589215] Running job...
penidnign jobs:  0
Number of jobs: 0
[2025-09-21 10:50:45.671297] Job completed.Submitted batch job 46779392
Submitted batch job 46779393
Submitted batch job 46779396
Submitted batch job 46779397
Submitted batch job 46779412
Submitted batch job 46779413
Submitted batch job 46779438
Submitted batch job 46779439
Submitted batch job 46779468
Submitted batch job 46779469
Submitted batch job 46779486
Submitted batch job 46779487
Submitted batch job 46779726
Submitted batch job 46779727
Submitted batch job 46779742
Submitted batch job 46779743
Submitted batch job 46780369
Submitted batch job 46780370
Submitted batch job 46780445
Submitted batch job 46780446
Submitted batch job 46780488
Submitted batch job 46780489
Submitted batch job 46780899
Submitted batch job 46780900
Submitted batch job 46781002
Submitted batch job 46781003
Submitted batch job 46781038
Submitted batch job 46781039
Submitted batch job 46781141
Submitted batch job 46781142

[2025-09-21 11:00:45.672382] Running job...
penidnign jobs:  0
Number of jobs: 4
[2025-09-21 11:00:45.829927] Job completed.
[2025-09-21 11:10:45.830084] Running job...
penidnign jobs:  0
Number of jobs: 0
[2025-09-21 11:10:45.932295] Job completed.
[2025-09-21 11:20:45.932465] Running job...
penidnign jobs:  0
Number of jobs: 0
[2025-09-21 11:20:46.017268] Job completed.
[2025-09-21 11:30:46.017415] Running job...
penidnign jobs:  0
Number of jobs: 4
[2025-09-21 11:30:46.165397] Job completed.
[2025-09-21 11:40:46.165581] Running job...
penidnign jobs:  0
Number of jobs: 0
[2025-09-21 11:40:46.269061] Job completed.
[2025-09-21 11:50:46.269218] Running job...
penidnign jobs:  0
Number of jobs: 0
[2025-09-21 11:50:46.352298] Job completed.
[2025-09-21 12:00:46.352462] Running job...
penidnign jobs:  0
Number of jobs: 0
[2025-09-21 12:00:46.434466] Job completed.
[2025-09-21 12:10:46.434615] Running job...
penidnign jobs:  0
Number of jobs: 0
[2025-09-21 12:10:46.516586] Job completed.
[2025-09-21 12:20:46.516737] Running job...
penidnign jobs:  0
Number of jobs: 0
[2025-09-21 12:20:46.597753] Job completed.
[2025-09-21 12:30:46.597899] Running job...
penidnign jobs:  0
Number of jobs: 4
[2025-09-21 12:30:46.765156] Job completed.
[2025-09-21 12:40:46.765316] Running job...
penidnign jobs:  0
Number of jobs: 0
[2025-09-21 12:40:46.910365] Job completed.
[2025-09-21 12:50:46.910516] Running job...
penidnign jobs:  0
Number of jobs: 0
[2025-09-21 12:50:46.992406] Job completed.
[2025-09-21 13:00:46.992557] Running job...
penidnign jobs:  0
Number of jobs: 0
[2025-09-21 13:00:47.076171] Job completed.
[2025-09-21 13:10:47.076311] Running job...
penidnign jobs:  0
Number of jobs: 4
[2025-09-21 13:10:47.239902] Job completed.
[2025-09-21 13:20:47.240056] Running job...
penidnign jobs:  0
Number of jobs: 0
[2025-09-21 13:20:47.364437] Job completed.
[2025-09-21 13:30:47.364595] Running job...
penidnign jobs:  0
Number of jobs: 0
[2025-09-21 13:30:47.446589] Job completed.
[2025-09-21 13:40:47.446743] Running job...
penidnign jobs:  0
Number of jobs: 4
[2025-09-21 13:40:47.631952] Job completed.
[2025-09-21 13:50:47.632103] Running job...
penidnign jobs:  0
Number of jobs: 0
[2025-09-21 13:50:47.772008] Job completed.
[2025-09-21 14:00:47.772155] Running job...
penidnign jobs:  0
Number of jobs: 0
[2025-09-21 14:00:47.853739] Job completed.
[2025-09-21 14:10:47.853888] Running job...
penidnign jobs:  0
Number of jobs: 0
[2025-09-21 14:10:47.935482] Job completed.
[2025-09-21 14:20:47.935625] Running job...
penidnign jobs:  0
Number of jobs: 0
[2025-09-21 14:20:48.018150] Job completed.
[2025-09-21 14:30:48.018300] Running job...
penidnign jobs:  0
Number of jobs: 4
[2025-09-21 14:30:48.192620] Job completed.
[2025-09-21 14:40:48.192754] Running job...
penidnign jobs:  0
Number of jobs: 0
[2025-09-21 14:40:48.317607] Job completed.
[2025-09-21 14:50:48.317732] Running job...
penidnign jobs:  0
Number of jobs: 0
[2025-09-21 14:50:48.391729] Job completed.
[2025-09-21 15:00:48.391871] Running job...
penidnign jobs:  0
Number of jobs: 0
[2025-09-21 15:00:48.471238] Job completed.
[2025-09-21 15:10:48.471385] Running job...
penidnign jobs:  0
Number of jobs: 4
[2025-09-21 15:10:48.651505] Job completed.
[2025-09-21 15:20:48.651664] Running job...
penidnign jobs:  0
Number of jobs: 4
[2025-09-21 15:20:48.840998] Job completed.
[2025-09-21 15:30:48.841150] Running job...
penidnign jobs:  0
Number of jobs: 0
[2025-09-21 15:30:48.932567] Job completed.
[2025-09-21 15:40:48.932729] Running job...
penidnign jobs:  0
Number of jobs: 0
[2025-09-21 15:40:49.014678] Job completed.
[2025-09-21 15:50:49.014827] Running job...
penidnign jobs:  0
Number of jobs: 0
[2025-09-21 15:50:49.093293] Job completed.
[2025-09-21 16:00:49.093458] Running job...
penidnign jobs:  0
Number of jobs: 0
[2025-09-21 16:00:49.175163] Job completed.
[2025-09-21 16:10:49.175307] Running job...
penidnign jobs:  1
[2025-09-21 16:10:49.227053] Job completed.
[2025-09-21 16:20:49.227206] Running job...
penidnign jobs:  0
Number of jobs: 0
[2025-09-21 16:20:49.312033] Job completed.
[2025-09-21 16:30:49.312179] Running job...
penidnign jobs:  0
Number of jobs: 0
[2025-09-21 16:30:49.394033] Job completed.
[2025-09-21 16:40:49.394179] Running job...
penidnign jobs:  0
Number of jobs: 0
[2025-09-21 16:40:49.476569] Job completed.
[2025-09-21 16:50:49.476714] Running job...
penidnign jobs:  0
Number of jobs: 0
[2025-09-21 16:50:49.554327] Job completed.
[2025-09-21 17:00:49.554475] Running job...
penidnign jobs:  0
Number of jobs: 0
[2025-09-21 17:00:49.638176] Job completed.
[2025-09-21 17:10:49.638324] Running job...
penidnign jobs:  0
Number of jobs: 0
[2025-09-21 17:10:49.717109] Job completed.
[2025-09-21 17:20:49.717258] Running job...
penidnign jobs:  0
Number of jobs: 0
[2025-09-21 17:20:49.797102] Job completed.
[2025-09-21 17:30:49.797255] Running job...
penidnign jobs:  0
Number of jobs: 4
[2025-09-21 17:30:49.943285] Job completed.
[2025-09-21 17:40:49.943448] Running job...
penidnign jobs:  0
Number of jobs: 4
[2025-09-21 17:40:50.090989] Job completed.
[2025-09-21 17:50:50.091144] Running job...
penidnign jobs:  0
Number of jobs: 4
[2025-09-21 17:50:50.295177] Job completed.
[2025-09-21 18:00:50.295323] Running job...
penidnign jobs:  0
Number of jobs: 0
[2025-09-21 18:00:50.421329] Job completed.
[2025-09-21 18:10:50.421486] Running job...
penidnign jobs:  0
Number of jobs: 0
[2025-09-21 18:10:50.515890] Job completed.
[2025-09-21 18:20:50.516048] Running job...
penidnign jobs:  0
Number of jobs: 0
[2025-09-21 18:20:50.596973] Job completed.
[2025-09-21 18:30:50.597129] Running job...
penidnign jobs:  0
Number of jobs: 0
[2025-09-21 18:30:50.672948] Job completed.
[2025-09-21 18:40:50.673090] Running job...
penidnign jobs:  0
Number of jobs: 0
[2025-09-21 18:40:50.754981] Job completed.
[2025-09-21 18:50:50.755120] Running job...
penidnign jobs:  0
Number of jobs: 0
[2025-09-21 18:50:50.832817] Job completed.
[2025-09-21 19:00:50.832965] Running job...
penidnign jobs:  0
Number of jobs: 0
[2025-09-21 19:00:50.911572] Job completed.
[2025-09-21 19:10:50.911733] Running job...
penidnign jobs:  0
Number of jobs: 0
[2025-09-21 19:10:50.998948] Job completed.
[2025-09-21 19:20:50.999104] Running job...
penidnign jobs:  0
Number of jobs: 0
[2025-09-21 19:20:51.074998] Job completed.
[2025-09-21 19:30:51.075145] Running job...
penidnign jobs:  0
Number of jobs: 0
[2025-09-21 19:30:51.156702] Job completed.
[2025-09-21 19:40:51.156840] Running job...
penidnign jobs:  0
Number of jobs: 4
[2025-09-21 19:40:51.308745] Job completed.
[2025-09-21 19:50:51.308902] Running job...
penidnign jobs:  0
Number of jobs: 0
[2025-09-21 19:50:51.390743] Job completed.
[2025-09-21 20:00:51.390896] Running job...
penidnign jobs:  0
Number of jobs: 0
[2025-09-21 20:00:51.472291] Job completed.
[2025-09-21 20:10:51.472449] Running job...
penidnign jobs:  0
Number of jobs: 0
[2025-09-21 20:10:51.557445] Job completed.
[2025-09-21 20:20:51.557604] Running job...
penidnign jobs:  0
Number of jobs: 4
[2025-09-21 20:20:51.719369] Job completed.
[2025-09-21 20:30:51.719523] Running job...
penidnign jobs:  0
Number of jobs: 0
[2025-09-21 20:30:51.811210] Job completed.
[2025-09-21 20:40:51.811358] Running job...
penidnign jobs:  0
Number of jobs: 0
[2025-09-21 20:40:51.891256] Job completed.
[2025-09-21 20:50:51.891405] Running job...
penidnign jobs:  0
Number of jobs: 4
[2025-09-21 20:50:52.060894] Job completed.
[2025-09-21 21:00:52.061056] Running job...
penidnign jobs:  0
Number of jobs: 0
[2025-09-21 21:00:52.147021] Job completed.
[2025-09-21 21:10:52.147181] Running job...
penidnign jobs:  0
Number of jobs: 0
[2025-09-21 21:10:52.223104] Job completed.
[2025-09-21 21:20:52.223245] Running job...
penidnign jobs:  0
Number of jobs: 4
[2025-09-21 21:20:52.369881] Job completed.
[2025-09-21 21:30:52.370033] Running job...
penidnign jobs:  0
Number of jobs: 0
[2025-09-21 21:30:52.477305] Job completed.
[2025-09-21 21:40:52.477462] Running job...
penidnign jobs:  0
Number of jobs: 0
[2025-09-21 21:40:52.552778] Job completed.
[2025-09-21 21:50:52.552915] Running job...
penidnign jobs:  0
Number of jobs: 0
[2025-09-21 21:50:52.630598] Job completed.Submitted batch job 46781368
Submitted batch job 46781369
Submitted batch job 46781370
Submitted batch job 46781371
Submitted batch job 46781372
Submitted batch job 46781373
Submitted batch job 46781392
Submitted batch job 46781393
Submitted batch job 46781414
Submitted batch job 46781415
Submitted batch job 46781519
Submitted batch job 46781520
Submitted batch job 46781524
Submitted batch job 46781525
Submitted batch job 46781529
Submitted batch job 46781530
Submitted batch job 46781608
Submitted batch job 46781609
Submitted batch job 46782397
Submitted batch job 46782398
Submitted batch job 46782540
Submitted batch job 46782541
Submitted batch job 46782545
Submitted batch job 46782546
Submitted batch job 46782548
Submitted batch job 46782549
Submitted batch job 46782550
Submitted batch job 46782551
Submitted batch job 46783060
Submitted batch job 46783061
Submitted batch job 46783312
Submitted batch job 46783313
Submitted batch job 46783522
Submitted batch job 46783523
Submitted batch job 46783679
Submitted batch job 46783680
Submitted batch job 46783775
Submitted batch job 46783776
Submitted batch job 46783804
Submitted batch job 46783805

[2025-09-21 22:00:52.631497] Running job...
penidnign jobs:  0
Number of jobs: 12
[2025-09-21 22:00:52.911445] Job completed.
[2025-09-21 22:10:52.911598] Running job...
penidnign jobs:  0
Number of jobs: 0
[2025-09-21 22:10:53.013565] Job completed.
[2025-09-21 22:20:53.013708] Running job...
penidnign jobs:  0
Number of jobs: 4
[2025-09-21 22:20:53.178366] Job completed.
[2025-09-21 22:30:53.178512] Running job...
penidnign jobs:  0
Number of jobs: 0
[2025-09-21 22:30:53.285682] Job completed.
[2025-09-21 22:40:53.285826] Running job...
penidnign jobs:  0
Number of jobs: 0
[2025-09-21 22:40:53.365544] Job completed.
[2025-09-21 22:50:53.365681] Running job...
penidnign jobs:  0
Number of jobs: 0
[2025-09-21 22:50:53.443518] Job completed.
[2025-09-21 23:00:53.443659] Running job...
penidnign jobs:  0
Number of jobs: 4
[2025-09-21 23:00:53.597525] Job completed.
[2025-09-21 23:10:53.597686] Running job...
penidnign jobs:  0
Number of jobs: 0
[2025-09-21 23:10:53.696968] Job completed.
[2025-09-21 23:20:53.697108] Running job...
penidnign jobs:  0
Number of jobs: 0
[2025-09-21 23:20:53.772777] Job completed.
[2025-09-21 23:30:53.772917] Running job...
penidnign jobs:  0
Number of jobs: 4
[2025-09-21 23:30:53.939753] Job completed.
[2025-09-21 23:40:53.939908] Running job...
penidnign jobs:  0
Number of jobs: 4
[2025-09-21 23:40:54.149824] Job completed.
[2025-09-21 23:50:54.149976] Running job...
penidnign jobs:  0
Number of jobs: 0
[2025-09-21 23:50:54.229773] Job completed.
[2025-09-22 00:00:54.229897] Running job...
penidnign jobs:  0
Number of jobs: 4
[2025-09-22 00:00:54.388739] Job completed.
[2025-09-22 00:10:54.388888] Running job...
penidnign jobs:  0
Number of jobs: 0
[2025-09-22 00:10:54.542007] Job completed.
[2025-09-22 00:20:54.542152] Running job...
penidnign jobs:  0
Number of jobs: 0
[2025-09-22 00:20:54.621138] Job completed.
[2025-09-22 00:30:54.621278] Running job...
penidnign jobs:  0
Number of jobs: 0
[2025-09-22 00:30:54.693836] Job completed.
[2025-09-22 00:40:54.693973] Running job...
penidnign jobs:  0
Number of jobs: 0
[2025-09-22 00:40:54.772855] Job completed.
[2025-09-22 00:50:54.772997] Running job...
penidnign jobs:  0
Number of jobs: 0
[2025-09-22 00:50:54.853146] Job completed.
[2025-09-22 01:00:54.853297] Running job...
penidnign jobs:  0
Number of jobs: 0
[2025-09-22 01:00:54.938851] Job completed.
[2025-09-22 01:10:54.939005] Running job...
penidnign jobs:  0
Number of jobs: 0
[2025-09-22 01:10:55.015441] Job completed.
[2025-09-22 01:20:55.015582] Running job...
penidnign jobs:  0
Number of jobs: 4
[2025-09-22 01:20:55.166243] Job completed.
[2025-09-22 01:30:55.166391] Running job...
penidnign jobs:  0
Number of jobs: 0
[2025-09-22 01:30:55.269571] Job completed.
[2025-09-22 01:40:55.269713] Running job...
penidnign jobs:  0
Number of jobs: 0
[2025-09-22 01:40:55.346461] Job completed.
[2025-09-22 01:50:55.346602] Running job...
penidnign jobs:  0
Number of jobs: 4
[2025-09-22 01:50:55.483164] Job completed.
[2025-09-22 02:00:55.483318] Running job...
penidnign jobs:  0
Number of jobs: 0
[2025-09-22 02:00:55.570194] Job completed.
[2025-09-22 02:10:55.570345] Running job...
penidnign jobs:  0
Number of jobs: 0
[2025-09-22 02:10:55.648571] Job completed.
[2025-09-22 02:20:55.648707] Running job...
penidnign jobs:  0
Number of jobs: 0
[2025-09-22 02:20:55.726130] Job completed.
[2025-09-22 02:30:55.726272] Running job...
penidnign jobs:  0
Number of jobs: 0
[2025-09-22 02:30:55.819924] Job completed.
[2025-09-22 02:40:55.820068] Running job...
penidnign jobs:  0
Number of jobs: 0
[2025-09-22 02:40:55.898762] Job completed.
[2025-09-22 02:50:55.898901] Running job...
penidnign jobs:  0
Number of jobs: 0
[2025-09-22 02:50:55.980111] Job completed.
[2025-09-22 03:00:55.980251] Running job...
penidnign jobs:  0
Number of jobs: 0
[2025-09-22 03:00:56.059344] Job completed.
[2025-09-22 03:10:56.059499] Running job...
penidnign jobs:  0
Number of jobs: 0
[2025-09-22 03:10:56.139247] Job completed.
[2025-09-22 03:20:56.139390] Running job...
penidnign jobs:  0
Number of jobs: 0
[2025-09-22 03:20:56.216851] Job completed.
[2025-09-22 03:30:56.216995] Running job...
penidnign jobs:  0
Number of jobs: 4
[2025-09-22 03:30:56.371776] Job completed.
[2025-09-22 03:40:56.371925] Running job...
penidnign jobs:  0
Number of jobs: 4
[2025-09-22 03:40:56.520474] Job completed.
[2025-09-22 03:50:56.520617] Running job...
penidnign jobs:  0
Number of jobs: 8
[2025-09-22 03:50:56.739953] Job completed.
[2025-09-22 04:00:56.740106] Running job...
penidnign jobs:  0
Number of jobs: 0
[2025-09-22 04:00:56.825417] Job completed.
[2025-09-22 04:10:56.825607] Running job...
penidnign jobs:  0
Number of jobs: 0
[2025-09-22 04:10:56.906781] Job completed.
[2025-09-22 04:20:56.906922] Running job...
penidnign jobs:  0
Number of jobs: 0
[2025-09-22 04:20:56.982415] Job completed.
[2025-09-22 04:30:56.982565] Running job...
penidnign jobs:  0
Number of jobs: 0
[2025-09-22 04:30:57.062554] Job completed.
[2025-09-22 04:40:57.062698] Running job...
penidnign jobs:  0
Number of jobs: 0
[2025-09-22 04:40:57.145948] Job completed.
[2025-09-22 04:50:57.146087] Running job...
penidnign jobs:  0
Number of jobs: 0
[2025-09-22 04:50:57.225867] Job completed.
[2025-09-22 05:00:57.226012] Running job...
penidnign jobs:  0
Number of jobs: 0
[2025-09-22 05:00:57.305472] Job completed.
[2025-09-22 05:10:57.305612] Running job...
penidnign jobs:  0
Number of jobs: 4
[2025-09-22 05:10:57.470366] Job completed.
[2025-09-22 05:20:57.470530] Running job...
penidnign jobs:  0
Number of jobs: 0
[2025-09-22 05:20:57.543378] Job completed.
[2025-09-22 05:30:57.543518] Running job...
penidnign jobs:  0
Number of jobs: 0
[2025-09-22 05:30:57.620334] Job completed.
[2025-09-22 05:40:57.620469] Running job...
penidnign jobs:  0
Number of jobs: 0
[2025-09-22 05:40:57.698050] Job completed.
[2025-09-22 05:50:57.698186] Running job...
penidnign jobs:  0
Number of jobs: 0
[2025-09-22 05:50:57.782639] Job completed.
[2025-09-22 06:00:57.782774] Running job...
penidnign jobs:  0
Number of jobs: 0
[2025-09-22 06:00:57.857087] Job completed.
[2025-09-22 06:10:57.857232] Running job...
penidnign jobs:  0
Number of jobs: 4
[2025-09-22 06:10:58.025206] Job completed.
[2025-09-22 06:20:58.025358] Running job...
penidnign jobs:  0
Number of jobs: 0
[2025-09-22 06:20:58.166989] Job completed.
[2025-09-22 06:30:58.167126] Running job...
penidnign jobs:  0
Number of jobs: 0
[2025-09-22 06:30:58.246209] Job completed.
[2025-09-22 06:40:58.246350] Running job...
penidnign jobs:  0
Number of jobs: 0
[2025-09-22 06:40:58.326172] Job completed.
[2025-09-22 06:50:58.326313] Running job...
penidnign jobs:  0
Number of jobs: 4
[2025-09-22 06:50:58.471211] Job completed.
[2025-09-22 07:00:58.471358] Running job...
penidnign jobs:  0
Number of jobs: 0
[2025-09-22 07:00:58.591859] Job completed.
[2025-09-22 07:10:58.592002] Running job...
penidnign jobs:  0
Number of jobs: 0
[2025-09-22 07:10:58.677234] Job completed.
[2025-09-22 07:20:58.677377] Running job...
penidnign jobs:  0
Number of jobs: 4
[2025-09-22 07:20:58.827312] Job completed.
[2025-09-22 07:30:58.827465] Running job...
penidnign jobs:  0
Number of jobs: 0
[2025-09-22 07:30:58.931139] Job completed.
[2025-09-22 07:40:58.931287] Running job...
penidnign jobs:  0
Number of jobs: 0
[2025-09-22 07:40:59.008110] Job completed.
[2025-09-22 07:50:59.008264] Running job...
penidnign jobs:  0
Number of jobs: 0
[2025-09-22 07:50:59.087073] Job completed.
[2025-09-22 08:00:59.087214] Running job...
penidnign jobs:  0
Number of jobs: 4
[2025-09-22 08:00:59.323855] Job completed.
[2025-09-22 08:10:59.324021] Running job...
penidnign jobs:  0
Number of jobs: 0
[2025-09-22 08:10:59.450393] Job completed.
[2025-09-22 08:20:59.450543] Running job...
penidnign jobs:  0
Number of jobs: 0
[2025-09-22 08:20:59.527396] Job completed.
[2025-09-22 08:30:59.527537] Running job...
penidnign jobs:  0
Number of jobs: 4
[2025-09-22 08:30:59.692689] Job completed.
[2025-09-22 08:40:59.692834] Running job...
penidnign jobs:  0
Number of jobs: 0
[2025-09-22 08:40:59.798504] Job completed.
[2025-09-22 08:50:59.798642] Running job...
penidnign jobs:  0
Number of jobs: 4Submitted batch job 46783811
Submitted batch job 46783812
Submitted batch job 46785289
Submitted batch job 46785290
Submitted batch job 46785306
Submitted batch job 46785307
