Submitted batch job 46787124
Submitted batch job 46787125
Submitted batch job 46788205
Submitted batch job 46788206
Submitted batch job 46788672
Submitted batch job 46788673
Submitted batch job 46790809
Submitted batch job 46790810
Submitted batch job 46790834
Submitted batch job 46790835
Submitted batch job 46791561
Submitted batch job 46791562
Submitted batch job 46793725
Submitted batch job 46793726
Submitted batch job 46797258
Submitted batch job 46797259
Submitted batch job 46801223
Submitted batch job 46801224
Submitted batch job 46801527
Submitted batch job 46801528
Submitted batch job 46801646
Submitted batch job 46801647
SLURMD_NODENAME hal0021
SBATCH_CLUSTERS doesnt exist
SBATCH_PARTITION doesnt exist
SLURM_JOB_PARTITION main
SLURM_NODEID 0
SLURM_MEM_PER_GPU doesnt exist
SLURM_MEM_PER_CPU doesnt exist
SLURM_MEM_PER_NODE 128000
SLURM_JOB_ID 46785877
couldnt print cuda details
[2025-09-22 10:41:09.472760] Running job...
penidnign jobs:  0
Number of jobs: 0
[2025-09-22 10:41:09.645824] Job completed.
[2025-09-22 10:51:09.645997] Running job...
penidnign jobs:  0
Number of jobs: 0
[2025-09-22 10:51:09.789312] Job completed.
[2025-09-22 11:01:09.789473] Running job...
penidnign jobs:  0
Number of jobs: 0
[2025-09-22 11:01:09.878862] Job completed.
[2025-09-22 11:11:09.879019] Running job...
penidnign jobs:  0
Number of jobs: 0
[2025-09-22 11:11:09.962752] Job completed.
[2025-09-22 11:21:09.962903] Running job...
penidnign jobs:  0
Number of jobs: 0
[2025-09-22 11:21:10.049116] Job completed.
[2025-09-22 11:31:10.049268] Running job...
penidnign jobs:  0
Number of jobs: 0
[2025-09-22 11:31:10.132926] Job completed.
[2025-09-22 11:41:10.133083] Running job...
penidnign jobs:  0
Number of jobs: 0
[2025-09-22 11:41:10.220167] Job completed.
[2025-09-22 11:51:10.220334] Running job...
penidnign jobs:  0
Number of jobs: 0
[2025-09-22 11:51:10.311917] Job completed.
[2025-09-22 12:01:10.312065] Running job...
penidnign jobs:  0
Number of jobs: 0
[2025-09-22 12:01:10.396078] Job completed.
[2025-09-22 12:11:10.396223] Running job...
penidnign jobs:  0
Number of jobs: 0
[2025-09-22 12:11:10.482891] Job completed.
[2025-09-22 12:21:10.483038] Running job...
penidnign jobs:  0
Number of jobs: 4
[2025-09-22 12:21:10.706474] Job completed.
[2025-09-22 12:31:10.706636] Running job...
penidnign jobs:  0
Number of jobs: 0
[2025-09-22 12:31:10.824279] Job completed.
[2025-09-22 12:41:10.824437] Running job...
penidnign jobs:  0
Number of jobs: 0
[2025-09-22 12:41:10.911359] Job completed.
[2025-09-22 12:51:10.911513] Running job...
penidnign jobs:  1
[2025-09-22 12:51:10.968550] Job completed.
[2025-09-22 13:01:10.968699] Running job...
penidnign jobs:  0
Number of jobs: 0
[2025-09-22 13:01:11.089043] Job completed.
[2025-09-22 13:11:11.089193] Running job...
penidnign jobs:  0
Number of jobs: 0
[2025-09-22 13:11:11.173128] Job completed.
[2025-09-22 13:21:11.173275] Running job...
penidnign jobs:  0
Number of jobs: 0
[2025-09-22 13:21:11.259092] Job completed.
[2025-09-22 13:31:11.259241] Running job...
penidnign jobs:  0
Number of jobs: 0
[2025-09-22 13:31:11.346452] Job completed.
[2025-09-22 13:41:11.346607] Running job...
penidnign jobs:  0
Number of jobs: 4
[2025-09-22 13:41:11.498602] Job completed.
[2025-09-22 13:51:11.498750] Running job...
penidnign jobs:  0
Number of jobs: 0
[2025-09-22 13:51:11.623525] Job completed.
[2025-09-22 14:01:11.623675] Running job...
penidnign jobs:  0
Number of jobs: 4
[2025-09-22 14:01:11.798407] Job completed.
[2025-09-22 14:11:11.798571] Running job...
penidnign jobs:  0
Number of jobs: 0
[2025-09-22 14:11:11.919599] Job completed.
[2025-09-22 14:21:11.919745] Running job...
penidnign jobs:  0
Number of jobs: 0
[2025-09-22 14:21:12.001430] Job completed.
[2025-09-22 14:31:12.001610] Running job...
penidnign jobs:  0
Number of jobs: 0
[2025-09-22 14:31:12.086630] Job completed.
[2025-09-22 14:41:12.086738] Running job...
penidnign jobs:  0
Number of jobs: 0
[2025-09-22 14:41:12.169837] Job completed.
[2025-09-22 14:51:12.169983] Running job...
penidnign jobs:  0
Number of jobs: 0
[2025-09-22 14:51:12.255703] Job completed.
[2025-09-22 15:01:12.255850] Running job...
penidnign jobs:  0
Number of jobs: 0
[2025-09-22 15:01:12.346350] Job completed.
[2025-09-22 15:11:12.346496] Running job...
penidnign jobs:  0
Number of jobs: 0
[2025-09-22 15:11:12.430452] Job completed.
[2025-09-22 15:21:12.430598] Running job...
penidnign jobs:  0
Number of jobs: 0
[2025-09-22 15:21:12.518240] Job completed.
[2025-09-22 15:31:12.518405] Running job...
penidnign jobs:  0
Number of jobs: 4
[2025-09-22 15:31:12.684726] Job completed.
[2025-09-22 15:41:12.684871] Running job...
penidnign jobs:  0
Number of jobs: 4
[2025-09-22 15:41:12.875358] Job completed.
[2025-09-22 15:51:12.875501] Running job...
penidnign jobs:  0
Number of jobs: 0
[2025-09-22 15:51:13.011686] Job completed.
[2025-09-22 16:01:13.011839] Running job...
penidnign jobs:  0
Number of jobs: 0
[2025-09-22 16:01:13.092180] Job completed.
[2025-09-22 16:11:13.092329] Running job...
penidnign jobs:  0
Number of jobs: 4
[2025-09-22 16:11:13.258572] Job completed.
[2025-09-22 16:21:13.258719] Running job...
penidnign jobs:  0
Number of jobs: 0
[2025-09-22 16:21:13.436500] Job completed.
[2025-09-22 16:31:13.436649] Running job...
penidnign jobs:  0
Number of jobs: 0
[2025-09-22 16:31:13.520116] Job completed.
[2025-09-22 16:41:13.520271] Running job...
penidnign jobs:  0
Number of jobs: 0
[2025-09-22 16:41:13.606485] Job completed.
[2025-09-22 16:51:13.606635] Running job...
penidnign jobs:  0
Number of jobs: 0
[2025-09-22 16:51:13.690207] Job completed.
[2025-09-22 17:01:13.690356] Running job...
penidnign jobs:  0
Number of jobs: 4
[2025-09-22 17:01:13.862063] Job completed.
[2025-09-22 17:11:13.862209] Running job...
penidnign jobs:  0
Number of jobs: 0
[2025-09-22 17:11:13.972092] Job completed.
[2025-09-22 17:21:13.972246] Running job...
penidnign jobs:  0
Number of jobs: 0
[2025-09-22 17:21:14.059451] Job completed.
[2025-09-22 17:31:14.059524] Running job...
penidnign jobs:  0
Number of jobs: 0
[2025-09-22 17:31:14.141990] Job completed.
[2025-09-22 17:41:14.142133] Running job...
penidnign jobs:  0
Number of jobs: 0
[2025-09-22 17:41:14.228120] Job completed.
[2025-09-22 17:51:14.228268] Running job...
penidnign jobs:  0
Number of jobs: 4
[2025-09-22 17:51:14.395289] Job completed.
[2025-09-22 18:01:14.395432] Running job...
penidnign jobs:  0
Number of jobs: 0
[2025-09-22 18:01:14.513385] Job completed.
[2025-09-22 18:11:14.513552] Running job...
penidnign jobs:  0
Number of jobs: 0
[2025-09-22 18:11:14.603349] Job completed.
[2025-09-22 18:21:14.603506] Running job...
penidnign jobs:  0
Number of jobs: 0
[2025-09-22 18:21:14.691487] Job completed.
[2025-09-22 18:31:14.691636] Running job...
penidnign jobs:  0
Number of jobs: 0
[2025-09-22 18:31:14.775036] Job completed.
[2025-09-22 18:41:14.775182] Running job...
penidnign jobs:  0
Number of jobs: 0
[2025-09-22 18:41:14.880269] Job completed.
[2025-09-22 18:51:14.880429] Running job...
penidnign jobs:  0
Number of jobs: 0
[2025-09-22 18:51:14.969907] Job completed.
[2025-09-22 19:01:14.970055] Running job...
penidnign jobs:  0
Number of jobs: 0
[2025-09-22 19:01:15.088509] Job completed.
[2025-09-22 19:11:15.088676] Running job...
penidnign jobs:  0
Number of jobs: 0
[2025-09-22 19:11:15.176350] Job completed.
[2025-09-22 19:21:15.176505] Running job...
penidnign jobs:  0
Number of jobs: 0
[2025-09-22 19:21:15.262844] Job completed.
[2025-09-22 19:31:15.262990] Running job...
penidnign jobs:  0
Number of jobs: 0
[2025-09-22 19:31:15.350250] Job completed.
[2025-09-22 19:41:15.350399] Running job...
penidnign jobs:  0
Number of jobs: 0
[2025-09-22 19:41:15.438096] Job completed.
[2025-09-22 19:51:15.438243] Running job...
penidnign jobs:  0
Number of jobs: 4
[2025-09-22 19:51:15.604113] Job completed.
[2025-09-22 20:01:15.604294] Running job...
penidnign jobs:  0
Number of jobs: 4
[2025-09-22 20:01:15.824389] Job completed.
[2025-09-22 20:11:15.824542] Running job...
penidnign jobs:  0
Number of jobs: 0
[2025-09-22 20:11:15.954156] Job completed.
[2025-09-22 20:21:15.954305] Running job...
penidnign jobs:  0
Number of jobs: 4
[2025-09-22 20:21:16.135071] Job completed.
[2025-09-22 20:31:16.135219] Running job...
penidnign jobs:  0
Number of jobs: 0
[2025-09-22 20:31:16.229342] Job completed.
[2025-09-22 20:41:16.229494] Running job...
penidnign jobs:  0
Number of jobs: 0
[2025-09-22 20:41:16.317670] Job completed.
[2025-09-22 20:51:16.317826] Running job...
penidnign jobs:  0
Number of jobs: 0
[2025-09-22 20:51:16.400142] Job completed.
[2025-09-22 21:01:16.400307] Running job...
penidnign jobs:  0
Number of jobs: 0
[2025-09-22 21:01:16.487101] Job completed.
[2025-09-22 21:11:16.487249] Running job...
penidnign jobs:  0
Number of jobs: 0Submitted batch job 46802763
Submitted batch job 46802764
Submitted batch job 46802982
Submitted batch job 46802983
