gcc (GCC) 10.3.0
Copyright (C) 2020 Free Software Foundation, Inc.
This is free software; see the source for copying conditions.  There is NO
warranty; not even for MERCHANTABILITY or FITNESS FOR A PARTICULAR PURPOSE.

SLURMD_NODENAME volta003
SBATCH_CLUSTERS doesnt exist
SBATCH_PARTITION doesnt exist
SLURM_JOB_PARTITION gpu
SLURM_NODEID 0
SLURM_MEM_PER_GPU doesnt exist
SLURM_MEM_PER_CPU doesnt exist
SLURM_MEM_PER_NODE 128000
SLURM_JOB_ID 47193406
torch.cuda.get_device_name() Tesla V100-PCIE-32GB
torch.cuda.get_device_capability() (7, 0)
GPU Name: Tesla V100-PCIE-32GB
GPU Memory Total: 32501.125 MB
GPU Memory Free: 2509.58056640625 MB
GPU Memory Used: 5130.0 MB
Namespace(mixed_precision='no', project_name='seg-ip', load_hf=False, embedding=None, pretrained_model_path='', dataset='jlbaker361/ssl-league_captioned_splash-1000-sana', use_test_split=False, initial_steps=4, initial_mask_step_list=None, final_steps=8, final_mask_steps_list=None, final_adapter_steps_list=None, threshold=0.5, limit=2, layer_index=15, dim=256, token=1, overlap_frac=0.8, segmentation_attention_method='overlap', kv_type='ip', initial_ip_adapter_scale=0.75, background=False, dest_dataset='jlbaker361/monkey', object='character')
defaulting to initial_mask_step_list [1, 2]
defaulting final maske step lst [2, 3, 4, 5]
inital image
mask step list [2, 3, 4, 5]
scale step dict {0: 0, 1: 0, 2: 1.0, 3: 1.0, 4: 1.0, 5: 1.0, 6: 0, 7: 0}
final image raw mask
popped {}
popped {}
popped {}
popped {}
final image unmasked
final_image_normal
final_image_all_steps
all steps  [0, 1, 2, 3, 4, 5, 6, 7] {0: 1.0, 1: 1.0, 2: 1.0, 3: 1.0, 4: 1.0, 5: 1.0, 6: 1.0, 7: 1.0}
final_image_seg_mask
popped {}
popped {}
popped {}
popped {}
{'dino_score_unmasked': np.float32(0.6615207), 'dino_score_seg_mask': np.float32(0.49627823), 'dino_score_raw_mask': np.float32(0.5940896), 'dino_score_normal': np.float32(0.69542813), 'dino_score_all_steps': np.float32(0.5940896), '"ir_score_unmasked":ir_score_unmasked,\n                "ir_score_seg_mask":ir_score_seg_mask,\n                "ir_score_raw_mask":ir_score_raw_mask,\n                "ir_score_normal":ir_score_normal,\n                "ir_score_all_steps":ir_score_all_steps,text_score_unmasked': tensor(0.2504), 'text_score_seg_mask': tensor(0.3081), 'text_score_raw_mask': tensor(0.2878), 'text_score_normal': tensor(0.2596), 'text_score_all_steps': tensor(0.2878), 'image_score_unmasked': np.float32(0.8641442), 'image_score_seg_mask': np.float32(0.7877749), 'image_score_raw_mask': np.float32(0.84385955), 'image_score_normal': np.float32(0.91324514), 'image_score_all_steps': np.float32(0.84385955)}
[1;34mwandb[0m: 
[1;34mwandb[0m: 🚀 View run [33mjolly-plant-92[0m at: [34mhttps://wandb.ai/jlbaker361/seg-ip/runs/nwrpizce[0m
[1;34mwandb[0m: Find logs at: [1;35m../../../../scratch/jlb638/wandb/wandb/run-20250930_183804-nwrpizce/logs[0m
