Submitted batch job 47198273
SLURMD_NODENAME hal0057
SBATCH_CLUSTERS doesnt exist
SBATCH_PARTITION doesnt exist
SLURM_JOB_PARTITION main
SLURM_NODEID 0
SLURM_MEM_PER_GPU doesnt exist
SLURM_MEM_PER_CPU doesnt exist
SLURM_MEM_PER_NODE 128000
SLURM_JOB_ID 47194776
couldnt print cuda details
[2025-09-30 18:22:11.001019] Running job...
penidnign jobs:  1
[2025-09-30 18:22:11.048424] Job completed.
[2025-09-30 18:32:11.048579] Running job...
penidnign jobs:  1
[2025-09-30 18:32:11.101765] Job completed.
[2025-09-30 18:42:11.101935] Running job...
penidnign jobs:  0
Number of jobs: 0
[2025-09-30 18:42:11.317191] Job completed.
[2025-09-30 18:52:11.317346] Running job...
penidnign jobs:  0
Number of jobs: 0
[2025-09-30 18:52:11.458880] Job completed.
[2025-09-30 19:02:11.458997] Running job...
penidnign jobs:  0
Number of jobs: 0
[2025-09-30 19:02:11.566266] Job completed.
[2025-09-30 19:12:11.566420] Running job...
penidnign jobs:  0
Number of jobs: 0
[2025-09-30 19:12:11.683925] Job completed.
[2025-09-30 19:22:11.684078] Running job...
penidnign jobs:  0
Number of jobs: 2
[2025-09-30 19:22:11.865672] Job completed.
[2025-09-30 19:32:11.865844] Running job...
penidnign jobs:  0
Number of jobs: 0
[2025-09-30 19:32:11.983430] Job completed.
[2025-09-30 19:42:11.983561] Running job...
penidnign jobs:  0
Number of jobs: 0
[2025-09-30 19:42:12.082184] Job completed.
[2025-09-30 19:52:12.082330] Running job...
penidnign jobs:  0
Number of jobs: 0
[2025-09-30 19:52:12.171954] Job completed.
[2025-09-30 20:02:12.172108] Running job...
penidnign jobs:  0
Number of jobs: 0
[2025-09-30 20:02:12.264848] Job completed.
[2025-09-30 20:12:12.264958] Running job...
penidnign jobs:  0
Number of jobs: 0
[2025-09-30 20:12:12.382504] Job completed.
[2025-09-30 20:22:12.382659] Running job...
penidnign jobs:  1
[2025-09-30 20:22:12.437890] Job completed.
[2025-09-30 20:32:12.438047] Running job...
penidnign jobs:  1
[2025-09-30 20:32:12.496136] Job completed.
[2025-09-30 20:42:12.496279] Running job...
penidnign jobs:  1
[2025-09-30 20:42:12.549682] Job completed.
[2025-09-30 20:52:12.549829] Running job...
penidnign jobs:  1
[2025-09-30 20:52:12.605354] Job completed.
[2025-09-30 21:02:12.605503] Running job...
penidnign jobs:  1
[2025-09-30 21:02:12.657701] Job completed.
[2025-09-30 21:12:12.657869] Running job...
penidnign jobs:  1
[2025-09-30 21:12:12.727348] Job completed.
[2025-09-30 21:22:12.727499] Running job...
penidnign jobs:  1
[2025-09-30 21:22:12.783781] Job completed.
[2025-09-30 21:32:12.783928] Running job...
penidnign jobs:  1
[2025-09-30 21:32:12.842805] Job completed.
[2025-09-30 21:42:12.842954] Running job...
penidnign jobs:  1
[2025-09-30 21:42:13.178656] Job completed.
[2025-09-30 21:52:13.178803] Running job...
penidnign jobs:  1
[2025-09-30 21:52:13.236747] Job completed.
[2025-09-30 22:02:13.236922] Running job...
penidnign jobs:  1
[2025-09-30 22:02:13.287866] Job completed.
[2025-09-30 22:12:13.288010] Running job...
penidnign jobs:  1
[2025-09-30 22:12:13.345696] Job completed.
[2025-09-30 22:22:13.345856] Running job...
penidnign jobs:  1
[2025-09-30 22:22:13.396838] Job completed.
[2025-09-30 22:32:13.396946] Running job...
penidnign jobs:  1
[2025-09-30 22:32:13.449264] Job completed.
[2025-09-30 22:42:13.449424] Running job...
penidnign jobs:  1
[2025-09-30 22:42:13.511224] Job completed.
[2025-09-30 22:52:13.511377] Running job...
penidnign jobs:  1
[2025-09-30 22:52:13.569199] Job completed.
[2025-09-30 23:02:13.569335] Running job...
penidnign jobs:  1
[2025-09-30 23:02:13.619868] Job completed.
[2025-09-30 23:12:13.620019] Running job...
penidnign jobs:  0
Number of jobs: 0
[2025-09-30 23:12:13.714544] Job completed.
[2025-09-30 23:22:13.714700] Running job...
penidnign jobs:  0
Number of jobs: 0
[2025-09-30 23:22:13.814231] Job completed.
[2025-09-30 23:32:13.814378] Running job...
penidnign jobs:  0
Number of jobs: 0
[2025-09-30 23:32:13.920025] Job completed.
[2025-09-30 23:42:13.920182] Running job...
penidnign jobs:  0
Number of jobs: 0
[2025-09-30 23:42:14.045392] Job completed.
[2025-09-30 23:52:14.045539] Running job...
penidnign jobs:  0
Number of jobs: 0
[2025-09-30 23:52:14.171272] Job completed.
[2025-10-01 00:02:14.171417] Running job...
penidnign jobs:  0
Number of jobs: 0
[2025-10-01 00:02:14.267844] Job completed.
[2025-10-01 00:12:14.267992] Running job...
penidnign jobs:  0
Number of jobs: 0
[2025-10-01 00:12:14.425434] Job completed.
[2025-10-01 00:22:14.425582] Running job...
penidnign jobs:  0
Number of jobs: 0
[2025-10-01 00:22:14.538865] Job completed.
[2025-10-01 00:32:14.539017] Running job...
penidnign jobs:  0
Number of jobs: 0
[2025-10-01 00:32:14.654045] Job completed.
[2025-10-01 00:42:14.654184] Running job...
penidnign jobs:  0
Number of jobs: 0
[2025-10-01 00:42:14.793198] Job completed.
[2025-10-01 00:52:14.793355] Running job...
penidnign jobs:  0
Number of jobs: 0
[2025-10-01 00:52:14.915651] Job completed.
[2025-10-01 01:02:14.915805] Running job...
penidnign jobs:  0
Number of jobs: 0
[2025-10-01 01:02:15.045904] Job completed.
[2025-10-01 01:12:15.046015] Running job...
penidnign jobs:  0
Number of jobs: 0
[2025-10-01 01:12:15.139975] Job completed.
[2025-10-01 01:22:15.140143] Running job...
penidnign jobs:  0
Number of jobs: 0
[2025-10-01 01:22:15.245140] Job completed.
[2025-10-01 01:32:15.245287] Running job...
penidnign jobs:  0
Number of jobs: 0
[2025-10-01 01:32:15.361488] Job completed.
[2025-10-01 01:42:15.361643] Running job...
penidnign jobs:  0
Number of jobs: 0
[2025-10-01 01:42:15.472468] Job completed.
[2025-10-01 01:52:15.472622] Running job...
penidnign jobs:  0
Number of jobs: 0
[2025-10-01 01:52:15.566347] Job completed.
[2025-10-01 02:02:15.566476] Running job...
penidnign jobs:  0
Number of jobs: 0
[2025-10-01 02:02:15.668885] Job completed.
[2025-10-01 02:12:15.668996] Running job...
penidnign jobs:  0
Number of jobs: 0
[2025-10-01 02:12:15.769922] Job completed.
[2025-10-01 02:22:15.770071] Running job...
penidnign jobs:  0
Number of jobs: 0
[2025-10-01 02:22:15.857122] Job completed.
[2025-10-01 02:32:15.857280] Running job...
penidnign jobs:  0
Number of jobs: 0
[2025-10-01 02:32:15.945603] Job completed.
[2025-10-01 02:42:15.945759] Running job...
penidnign jobs:  0
Number of jobs: 0
[2025-10-01 02:42:16.044683] Job completed.
[2025-10-01 02:52:16.044839] Running job...
penidnign jobs:  0
Number of jobs: 0
[2025-10-01 02:52:16.136667] Job completed.
[2025-10-01 03:02:16.136817] Running job...
penidnign jobs:  0
Number of jobs: 0
[2025-10-01 03:02:16.240168] Job completed.
[2025-10-01 03:12:16.240318] Running job...
penidnign jobs:  0
Number of jobs: 0
[2025-10-01 03:12:16.342750] Job completed.
[2025-10-01 03:22:16.342859] Running job...
penidnign jobs:  0
Number of jobs: 0
[2025-10-01 03:22:16.430496] Job completed.
[2025-10-01 03:32:16.430645] Running job...
penidnign jobs:  0
Number of jobs: 0
[2025-10-01 03:32:16.534317] Job completed.
[2025-10-01 03:42:16.534467] Running job...
penidnign jobs:  0
Number of jobs: 0
[2025-10-01 03:42:16.645516] Job completed.
[2025-10-01 03:52:16.645654] Running job...
penidnign jobs:  0
Number of jobs: 0
[2025-10-01 03:52:16.735232] Job completed.
[2025-10-01 04:02:16.735381] Running job...
penidnign jobs:  0
Number of jobs: 0
[2025-10-01 04:02:16.841504] Job completed.
[2025-10-01 04:12:16.841667] Running job...
penidnign jobs:  0
Number of jobs: 0
[2025-10-01 04:12:16.941774] Job completed.
[2025-10-01 04:22:16.941925] Running job...
penidnign jobs:  0
Number of jobs: 0
[2025-10-01 04:22:17.034389] Job completed.
[2025-10-01 04:32:17.034547] Running job...
penidnign jobs:  0
Number of jobs: 0
[2025-10-01 04:32:17.125996] Job completed.
[2025-10-01 04:42:17.126146] Running job...
penidnign jobs:  0
Number of jobs: 0
[2025-10-01 04:42:17.212038] Job completed.
[2025-10-01 04:52:17.212183] Running job...
penidnign jobs:  0
Number of jobs: 0
[2025-10-01 04:52:17.312264] Job completed.
[2025-10-01 05:02:17.312376] Running job...
penidnign jobs:  0
Number of jobs: 0
[2025-10-01 05:02:17.402832] Job completed.
[2025-10-01 05:12:17.402944] Running job...
penidnign jobs:  0
Number of jobs: 0
[2025-10-01 05:12:17.494196] Job completed.
[2025-10-01 05:22:17.494355] Running job...
penidnign jobs:  0
Number of jobs: 0
[2025-10-01 05:22:17.586108] Job completed.
[2025-10-01 05:32:17.586253] Running job...
penidnign jobs:  0
Number of jobs: 0
[2025-10-01 05:32:17.691454] Job completed.
[2025-10-01 05:42:17.691604] Running job...
penidnign jobs:  0
Number of jobs: 0
[2025-10-01 05:42:17.781091] Job completed.
[2025-10-01 05:52:17.781242] Running job...
penidnign jobs:  0
Number of jobs: 0
[2025-10-01 05:52:17.875111] Job completed.
[2025-10-01 06:02:17.875267] Running job...
penidnign jobs:  0
Number of jobs: 0
[2025-10-01 06:02:17.978539] Job completed.
[2025-10-01 06:12:17.978690] Running job...
penidnign jobs:  0
Number of jobs: 0
[2025-10-01 06:12:18.071052] Job completed.
[2025-10-01 06:22:18.071220] Running job...
penidnign jobs:  0
Number of jobs: 0
[2025-10-01 06:22:18.163820] Job completed.
[2025-10-01 06:32:18.163934] Running job...
penidnign jobs:  0
Number of jobs: 0
[2025-10-01 06:32:18.252991] Job completed.
[2025-10-01 06:42:18.253146] Running job...
penidnign jobs:  0
Number of jobs: 0
[2025-10-01 06:42:18.340502] Job completed.
[2025-10-01 06:52:18.340661] Running job...
penidnign jobs:  0
Number of jobs: 0
[2025-10-01 06:52:18.447525] Job completed.
[2025-10-01 07:02:18.447673] Running job...
penidnign jobs:  0
Number of jobs: 0
[2025-10-01 07:02:18.542599] Job completed.
[2025-10-01 07:12:18.542747] Running job...
penidnign jobs:  0
Number of jobs: 0
[2025-10-01 07:12:18.642614] Job completed.
[2025-10-01 07:22:18.642778] Running job...
penidnign jobs:  0
Number of jobs: 0
[2025-10-01 07:22:18.735258] Job completed.
[2025-10-01 07:32:18.735403] Running job...
penidnign jobs:  0
Number of jobs: 0
[2025-10-01 07:32:18.823673] Job completed.
[2025-10-01 07:42:18.823815] Running job...
penidnign jobs:  0
Number of jobs: 0
[2025-10-01 07:42:18.915423] Job completed.
[2025-10-01 07:52:18.915571] Running job...
penidnign jobs:  0
Number of jobs: 0
[2025-10-01 07:52:19.006481] Job completed.
[2025-10-01 08:02:19.006629] Running job...
penidnign jobs:  0
Number of jobs: 0
[2025-10-01 08:02:19.116316] Job completed.
[2025-10-01 08:12:19.116464] Running job...
penidnign jobs:  0
Number of jobs: 0
[2025-10-01 08:12:19.209453] Job completed.
[2025-10-01 08:22:19.209603] Running job...
penidnign jobs:  0
Number of jobs: 0
[2025-10-01 08:22:19.296901] Job completed.
[2025-10-01 08:32:19.297053] Running job...
penidnign jobs:  0
Number of jobs: 0
[2025-10-01 08:32:19.390956] Job completed.
[2025-10-01 08:42:19.391110] Running job...
penidnign jobs:  0
Number of jobs: 0
[2025-10-01 08:42:19.482389] Job completed.
[2025-10-01 08:52:19.482535] Running job...
penidnign jobs:  0
Number of jobs: 0
[2025-10-01 08:52:19.567874] Job completed.
[2025-10-01 09:02:19.568026] Running job...
penidnign jobs:  0
Number of jobs: 0
[2025-10-01 09:02:19.678432] Job completed.
[2025-10-01 09:12:19.678578] Running job...
penidnign jobs:  0
Number of jobs: 0
[2025-10-01 09:12:19.781132] Job completed.
[2025-10-01 09:22:19.781285] Running job...
penidnign jobs:  0
Number of jobs: 0
[2025-10-01 09:22:19.873490] Job completed.
[2025-10-01 09:32:19.873632] Running job...
penidnign jobs:  0
Number of jobs: 0
[2025-10-01 09:32:19.970335] Job completed.
[2025-10-01 09:42:19.970496] Running job...
penidnign jobs:  0
Number of jobs: 0
[2025-10-01 09:42:20.058341] Job completed.
[2025-10-01 09:52:20.058492] Running job...
penidnign jobs:  0
Number of jobs: 0
[2025-10-01 09:52:20.150281] Job completed.
[2025-10-01 10:02:20.150430] Running job...
penidnign jobs:  0
Number of jobs: 0
[2025-10-01 10:02:20.243032] Job completed.
[2025-10-01 10:12:20.243179] Running job...
penidnign jobs:  0
Number of jobs: 0
[2025-10-01 10:12:20.329465] Job completed.
[2025-10-01 10:22:20.329620] Running job...
penidnign jobs:  0
Number of jobs: 0
[2025-10-01 10:22:20.433617] Job completed.
[2025-10-01 10:32:20.433780] Running job...
penidnign jobs:  0
Number of jobs: 0
[2025-10-01 10:32:20.534678] Job completed.
[2025-10-01 10:42:20.534825] Running job...
penidnign jobs:  0
Number of jobs: 0
[2025-10-01 10:42:20.629917] Job completed.
[2025-10-01 10:52:20.630029] Running job...
penidnign jobs:  0
Number of jobs: 0
[2025-10-01 10:52:20.746880] Job completed.
[2025-10-01 11:02:20.747026] Running job...
penidnign jobs:  0
Number of jobs: 0
[2025-10-01 11:02:20.836808] Job completed.
[2025-10-01 11:12:20.836960] Running job...
penidnign jobs:  0
Number of jobs: 0
[2025-10-01 11:12:20.945480] Job completed.
[2025-10-01 11:22:20.945650] Running job...
penidnign jobs:  0
Number of jobs: 0
[2025-10-01 11:22:21.032892] Job completed.
[2025-10-01 11:32:21.033033] Running job...
penidnign jobs:  0
Number of jobs: 0
[2025-10-01 11:32:21.133348] Job completed.
[2025-10-01 11:42:21.133503] Running job...
penidnign jobs:  0
Number of jobs: 0
[2025-10-01 11:42:21.237707] Job completed.
[2025-10-01 11:52:21.237868] Running job...
penidnign jobs:  0
Number of jobs: 0
[2025-10-01 11:52:21.344778] Job completed.
[2025-10-01 12:02:21.344937] Running job...
penidnign jobs:  0
Number of jobs: 2
