gcc (GCC) 10.3.0
Copyright (C) 2020 Free Software Foundation, Inc.
This is free software; see the source for copying conditions.  There is NO
warranty; not even for MERCHANTABILITY or FITNESS FOR A PARTICULAR PURPOSE.

SLURMD_NODENAME gpu021
SBATCH_CLUSTERS doesnt exist
SBATCH_PARTITION doesnt exist
SLURM_JOB_PARTITION gpu
SLURM_NODEID 0
SLURM_MEM_PER_GPU doesnt exist
SLURM_MEM_PER_CPU doesnt exist
SLURM_MEM_PER_NODE 128000
SLURM_JOB_ID 47223185
torch.cuda.get_device_name() NVIDIA A100-PCIE-40GB
torch.cuda.get_device_capability() (8, 0)
GPU Name: NVIDIA A100-PCIE-40GB
GPU Memory Total: 40339.3125 MB
GPU Memory Free: 2509.58056640625 MB
GPU Memory Used: 5130.0 MB
Namespace(mixed_precision='no', project_name='seg-ip', load_hf=False, embedding=None, pretrained_model_path='', dataset='jlbaker361/ssl-league_captioned_splash-1000-sana', use_test_split=False, initial_steps=4, initial_mask_step_list=None, final_steps=8, final_mask_steps_list=None, final_adapter_steps_list=None, threshold=0.5, limit=2, layer_index=15, dim=256, token=1, overlap_frac=0.8, segmentation_attention_method='overlap', kv_type='ip', initial_ip_adapter_scale=0.75, background=False, dest_dataset='jlbaker361/monkey', object='character')
defaulting to initial_mask_step_list [1, 2]
defaulting final maske step lst [2, 3, 4, 5]
inital image
mask step list [2, 3, 4, 5]
scale step dict {0: 0, 1: 0, 2: 1.0, 3: 1.0, 4: 1.0, 5: 1.0, 6: 0, 7: 0}
final image raw mask
popped {}
popped {}
popped {}
popped {}
final image unmasked
final_image_normal
final_image_all_steps
all steps  [0, 1, 2, 3, 4, 5, 6, 7] {0: 1.0, 1: 1.0, 2: 1.0, 3: 1.0, 4: 1.0, 5: 1.0, 6: 1.0, 7: 1.0}
final_image_seg_mask
popped {}
popped {}
popped {}
popped {}
{'dino_score_unmasked': np.float32(0.6566189), 'dino_score_seg_mask': np.float32(0.39608356), 'dino_score_raw_mask': np.float32(0.5921023), 'dino_score_normal': np.float32(0.6965152), 'dino_score_all_steps': np.float32(0.5921023), 'text_score_unmasked': tensor(0.2490), 'text_score_seg_mask': tensor(0.3073), 'text_score_raw_mask': tensor(0.2878), 'text_score_normal': tensor(0.2596), 'text_score_all_steps': tensor(0.2878), 'image_score_unmasked': np.float32(0.85865223), 'image_score_seg_mask': np.float32(0.676728), 'image_score_raw_mask': np.float32(0.8406869), 'image_score_normal': np.float32(0.9118964), 'image_score_all_steps': np.float32(0.8406869)}
inital image
mask step list [2, 3, 4, 5]
scale step dict {0: 0, 1: 0, 2: 1.0, 3: 1.0, 4: 1.0, 5: 1.0, 6: 0, 7: 0}
final image raw mask
popped {}
popped {}
popped {}
popped {}
final image unmasked
final_image_normal
final_image_all_steps
all steps  [0, 1, 2, 3, 4, 5, 6, 7] {0: 1.0, 1: 1.0, 2: 1.0, 3: 1.0, 4: 1.0, 5: 1.0, 6: 1.0, 7: 1.0}
final_image_seg_mask
popped {}
popped {}
popped {}
popped {}
{'dino_score_unmasked': np.float32(0.4187078), 'dino_score_seg_mask': np.float32(0.17242542), 'dino_score_raw_mask': np.float32(0.32735324), 'dino_score_normal': np.float32(0.55971694), 'dino_score_all_steps': np.float32(0.32735324), 'text_score_unmasked': tensor(0.2801), 'text_score_seg_mask': tensor(0.2841), 'text_score_raw_mask': tensor(0.2505), 'text_score_normal': tensor(0.2434), 'text_score_all_steps': tensor(0.2505), 'image_score_unmasked': np.float32(0.72400606), 'image_score_seg_mask': np.float32(0.42778987), 'image_score_raw_mask': np.float32(0.56525564), 'image_score_normal': np.float32(0.8551065), 'image_score_all_steps': np.float32(0.56525564)}
Average Scores:
15
dino_score_unmasked 0.5376633405685425
dino_score_seg_mask 0.2842544913291931
dino_score_raw_mask 0.45972776412963867
dino_score_normal 0.6281160712242126
dino_score_all_steps 0.45972776412963867
text_score_unmasked 0.26454252004623413
text_score_seg_mask 0.29570409655570984
text_score_raw_mask 0.2691205143928528
text_score_normal 0.25150251388549805
text_score_all_steps 0.2691205143928528
image_score_unmasked 0.7913291454315186
image_score_seg_mask 0.5522589683532715
image_score_raw_mask 0.7029712796211243
image_score_normal 0.883501410484314
image_score_all_steps 0.7029712796211243
successful generating:) time elapsed: 101.24469232559204 seconds = 0.02812352564599779 hours
all done!
[1;34mwandb[0m: 
[1;34mwandb[0m: 🚀 View run [33mcharmed-monkey-96[0m at: [34mhttps://wandb.ai/jlbaker361/seg-ip/runs/a5l3ly3x[0m
[1;34mwandb[0m: Find logs at: [1;35m../../../../scratch/jlb638/wandb/wandb/run-20251001_135222-a5l3ly3x/logs[0m
