Submitted batch job 47223051
Submitted batch job 47223052
Submitted batch job 47224489
SLURMD_NODENAME hal0141
SBATCH_CLUSTERS doesnt exist
SBATCH_PARTITION doesnt exist
SLURM_JOB_PARTITION main
SLURM_NODEID 0
SLURM_MEM_PER_GPU doesnt exist
SLURM_MEM_PER_CPU doesnt exist
SLURM_MEM_PER_NODE 128000
SLURM_JOB_ID 47223050
couldnt print cuda details
[2025-10-01 13:46:05.623949] Running job...
penidnign jobs:  0
Number of jobs: 4
[2025-10-01 13:46:05.737666] Job completed.
[2025-10-01 13:56:05.737944] Running job...
penidnign jobs:  0
Number of jobs: 0
[2025-10-01 13:56:05.813917] Job completed.
[2025-10-01 14:06:05.814046] Running job...
penidnign jobs:  0
Number of jobs: 0
[2025-10-01 14:06:05.892605] Job completed.
[2025-10-01 14:16:05.892878] Running job...
penidnign jobs:  0
Number of jobs: 0
[2025-10-01 14:16:05.978529] Job completed.
[2025-10-01 14:26:05.978649] Running job...
penidnign jobs:  2
[2025-10-01 14:26:06.047231] Job completed.
[2025-10-01 14:36:06.047413] Running job...
penidnign jobs:  2
[2025-10-01 14:36:06.099591] Job completed.
[2025-10-01 14:46:06.099782] Running job...
penidnign jobs:  2
[2025-10-01 14:46:06.149572] Job completed.
[2025-10-01 14:56:06.149756] Running job...
penidnign jobs:  2
[2025-10-01 14:56:06.200186] Job completed.
[2025-10-01 15:06:06.200375] Running job...
penidnign jobs:  0
Number of jobs: 0
[2025-10-01 15:06:06.319580] Job completed.
[2025-10-01 15:16:06.319796] Running job...
penidnign jobs:  0
Number of jobs: 0
[2025-10-01 15:16:06.520105] Job completed.
[2025-10-01 15:26:06.520445] Running job...
penidnign jobs:  0
Number of jobs: 2
[2025-10-01 15:26:06.707568] Job completed.
[2025-10-01 15:36:06.707832] Running job...
penidnign jobs:  1
[2025-10-01 15:36:06.761324] Job completed.
[2025-10-01 15:46:06.761485] Running job...
penidnign jobs:  1
[2025-10-01 15:46:06.812879] Job completed.
[2025-10-01 15:56:06.813003] Running job...
penidnign jobs:  1
[2025-10-01 15:56:06.862547] Job completed.
[2025-10-01 16:06:06.862740] Running job...
penidnign jobs:  1
[2025-10-01 16:06:06.912509] Job completed.
[2025-10-01 16:16:06.912620] Running job...
penidnign jobs:  1
[2025-10-01 16:16:06.960879] Job completed.
[2025-10-01 16:26:06.961089] Running job...
penidnign jobs:  1
[2025-10-01 16:26:07.012917] Job completed.
[2025-10-01 16:36:07.013033] Running job...
penidnign jobs:  1
[2025-10-01 16:36:07.065535] Job completed.
[2025-10-01 16:46:07.065760] Running job...
penidnign jobs:  1
[2025-10-01 16:46:07.115219] Job completed.
[2025-10-01 16:56:07.115329] Running job...
penidnign jobs:  1
[2025-10-01 16:56:07.165749] Job completed.
[2025-10-01 17:06:07.166030] Running job...
penidnign jobs:  1
[2025-10-01 17:06:07.216325] Job completed.
[2025-10-01 17:16:07.216473] Running job...
penidnign jobs:  1
[2025-10-01 17:16:07.270630] Job completed.
[2025-10-01 17:26:07.270858] Running job...
penidnign jobs:  1
[2025-10-01 17:26:07.319697] Job completed.
[2025-10-01 17:36:07.319951] Running job...
penidnign jobs:  1
[2025-10-01 17:36:07.369557] Job completed.
[2025-10-01 17:46:07.369767] Running job...
penidnign jobs:  1
[2025-10-01 17:46:07.419165] Job completed.
[2025-10-01 17:56:07.419283] Running job...
penidnign jobs:  1
[2025-10-01 17:56:07.470544] Job completed.
[2025-10-01 18:06:07.470898] Running job...
penidnign jobs:  1
[2025-10-01 18:06:07.527196] Job completed.
[2025-10-01 18:16:07.527401] Running job...
penidnign jobs:  1
[2025-10-01 18:16:07.581718] Job completed.
[2025-10-01 18:26:07.581864] Running job...
penidnign jobs:  1
[2025-10-01 18:26:07.635622] Job completed.
[2025-10-01 18:36:07.635858] Running job...
penidnign jobs:  1
[2025-10-01 18:36:07.687407] Job completed.
[2025-10-01 18:46:07.687652] Running job...
penidnign jobs:  1
[2025-10-01 18:46:07.743672] Job completed.
[2025-10-01 18:56:07.743954] Running job...
penidnign jobs:  1
[2025-10-01 18:56:07.795691] Job completed.
[2025-10-01 19:06:07.795915] Running job...
penidnign jobs:  1
[2025-10-01 19:06:07.849906] Job completed.
[2025-10-01 19:16:07.850115] Running job...
penidnign jobs:  1
[2025-10-01 19:16:07.905020] Job completed.
[2025-10-01 19:26:07.905315] Running job...
penidnign jobs:  1
[2025-10-01 19:26:07.958738] Job completed.
[2025-10-01 19:36:07.958959] Running job...
penidnign jobs:  1
[2025-10-01 19:36:08.012672] Job completed.
[2025-10-01 19:46:08.013040] Running job...
penidnign jobs:  1
[2025-10-01 19:46:08.063217] Job completed.
[2025-10-01 19:56:08.063337] Running job...
penidnign jobs:  1
[2025-10-01 19:56:08.113320] Job completed.
[2025-10-01 20:06:08.113514] Running job...
penidnign jobs:  1
[2025-10-01 20:06:08.165903] Job completed.
[2025-10-01 20:16:08.166018] Running job...
penidnign jobs:  1
[2025-10-01 20:16:08.219502] Job completed.
[2025-10-01 20:26:08.219716] Running job...
penidnign jobs:  1
[2025-10-01 20:26:08.272262] Job completed.
[2025-10-01 20:36:08.272476] Running job...
penidnign jobs:  10
[2025-10-01 20:36:08.324794] Job completed.
[2025-10-01 20:46:08.325002] Running job...
penidnign jobs:  10
[2025-10-01 20:46:08.376349] Job completed.
[2025-10-01 20:56:08.376621] Running job...
penidnign jobs:  10
[2025-10-01 20:56:08.432311] Job completed.
[2025-10-01 21:06:08.432568] Running job...
penidnign jobs:  10
[2025-10-01 21:06:08.485443] Job completed.
[2025-10-01 21:16:08.485825] Running job...
penidnign jobs:  11
[2025-10-01 21:16:08.556764] Job completed.
[2025-10-01 21:26:08.556945] Running job...
penidnign jobs:  11
[2025-10-01 21:26:08.608806] Job completed.
[2025-10-01 21:36:08.609117] Running job...
penidnign jobs:  19
[2025-10-01 21:36:08.662561] Job completed.
[2025-10-01 21:46:08.662830] Running job...
penidnign jobs:  19
[2025-10-01 21:46:08.718144] Job completed.
[2025-10-01 21:56:08.718375] Running job...
penidnign jobs:  19
[2025-10-01 21:56:08.770845] Job completed.
[2025-10-01 22:06:08.771041] Running job...
penidnign jobs:  19
[2025-10-01 22:06:08.829009] Job completed.
[2025-10-01 22:16:08.829299] Running job...
penidnign jobs:  19
[2025-10-01 22:16:08.882355] Job completed.
[2025-10-01 22:26:08.882541] Running job...
penidnign jobs:  19
[2025-10-01 22:26:08.936352] Job completed.
[2025-10-01 22:36:08.936462] Running job...
penidnign jobs:  19
[2025-10-01 22:36:08.992890] Job completed.
[2025-10-01 22:46:08.993147] Running job...
penidnign jobs:  19
[2025-10-01 22:46:09.052680] Job completed.
[2025-10-01 22:56:09.052964] Running job...
penidnign jobs:  19
[2025-10-01 22:56:09.104699] Job completed.
[2025-10-01 23:06:09.104904] Running job...
penidnign jobs:  19
[2025-10-01 23:06:09.158782] Job completed.
[2025-10-01 23:16:09.158995] Running job...
penidnign jobs:  19
[2025-10-01 23:16:09.210555] Job completed.
[2025-10-01 23:26:09.210909] Running job...
penidnign jobs:  19
[2025-10-01 23:26:09.264599] Job completed.
[2025-10-01 23:36:09.264791] Running job...
penidnign jobs:  19
[2025-10-01 23:36:09.320898] Job completed.
[2025-10-01 23:46:09.321111] Running job...
penidnign jobs:  19
[2025-10-01 23:46:09.380661] Job completed.
[2025-10-01 23:56:09.380780] Running job...
penidnign jobs:  19
[2025-10-01 23:56:09.433349] Job completed.
[2025-10-02 00:06:09.433553] Running job...
penidnign jobs:  19
[2025-10-02 00:06:09.489414] Job completed.
[2025-10-02 00:16:09.489787] Running job...
penidnign jobs:  19
[2025-10-02 00:16:09.542570] Job completed.
[2025-10-02 00:26:09.542805] Running job...
penidnign jobs:  19
[2025-10-02 00:26:09.599707] Job completed.
[2025-10-02 00:36:09.600074] Running job...
penidnign jobs:  19
[2025-10-02 00:36:09.661065] Job completed.
[2025-10-02 00:46:09.661281] Running job...
penidnign jobs:  19
[2025-10-02 00:46:09.716876] Job completed.
[2025-10-02 00:56:09.717114] Running job...
penidnign jobs:  19
[2025-10-02 00:56:09.771905] Job completed.
[2025-10-02 01:06:09.772039] Running job...
penidnign jobs:  19
[2025-10-02 01:06:09.825599] Job completed.
[2025-10-02 01:16:09.825881] Running job...
penidnign jobs:  19
[2025-10-02 01:16:09.881335] Job completed.
[2025-10-02 01:26:09.881444] Running job...
penidnign jobs:  19
[2025-10-02 01:26:09.937518] Job completed.
[2025-10-02 01:36:09.937636] Running job...
penidnign jobs:  19
[2025-10-02 01:36:09.992726] Job completed.
[2025-10-02 01:46:09.992963] Running job...
penidnign jobs:  19
[2025-10-02 01:46:10.045650] Job completed.Submitted batch job 47236838

[2025-10-02 01:56:10.046245] Running job...
penidnign jobs:  19
[2025-10-02 01:56:10.097150] Job completed.
[2025-10-02 02:06:10.097317] Running job...
penidnign jobs:  19
[2025-10-02 02:06:10.153701] Job completed.
[2025-10-02 02:16:10.153995] Running job...
penidnign jobs:  19
[2025-10-02 02:16:10.209319] Job completed.
[2025-10-02 02:26:10.209525] Running job...
penidnign jobs:  19
[2025-10-02 02:26:10.266100] Job completed.
[2025-10-02 02:36:10.266333] Running job...
penidnign jobs:  19
[2025-10-02 02:36:10.322927] Job completed.
[2025-10-02 02:46:10.323119] Running job...
penidnign jobs:  19
[2025-10-02 02:46:10.375737] Job completed.
[2025-10-02 02:56:10.375851] Running job...
penidnign jobs:  19
[2025-10-02 02:56:10.429648] Job completed.
[2025-10-02 03:06:10.429996] Running job...
penidnign jobs:  19
[2025-10-02 03:06:10.488169] Job completed.
[2025-10-02 03:16:10.488424] Running job...
penidnign jobs:  19
[2025-10-02 03:16:10.544073] Job completed.
[2025-10-02 03:26:10.544188] Running job...
penidnign jobs:  19
[2025-10-02 03:26:10.599179] Job completed.
[2025-10-02 03:36:10.599307] Running job...
penidnign jobs:  19
[2025-10-02 03:36:10.652941] Job completed.
[2025-10-02 03:46:10.653293] Running job...
penidnign jobs:  19
[2025-10-02 03:46:10.705954] Job completed.
[2025-10-02 03:56:10.706196] Running job...
penidnign jobs:  19
[2025-10-02 03:56:10.759430] Job completed.
[2025-10-02 04:06:10.759545] Running job...
penidnign jobs:  19
[2025-10-02 04:06:10.816929] Job completed.
[2025-10-02 04:16:10.817188] Running job...
penidnign jobs:  19
[2025-10-02 04:16:10.872587] Job completed.
[2025-10-02 04:26:10.872701] Running job...
penidnign jobs:  19
[2025-10-02 04:26:10.928573] Job completed.
[2025-10-02 04:36:10.928758] Running job...
penidnign jobs:  19
[2025-10-02 04:36:10.980597] Job completed.
[2025-10-02 04:46:10.980798] Running job...
penidnign jobs:  19
[2025-10-02 04:46:11.036592] Job completed.
[2025-10-02 04:56:11.036816] Running job...
penidnign jobs:  19
[2025-10-02 04:56:11.089610] Job completed.
[2025-10-02 05:06:11.089721] Running job...
penidnign jobs:  19
[2025-10-02 05:06:11.145661] Job completed.
[2025-10-02 05:16:11.145927] Running job...
penidnign jobs:  19
[2025-10-02 05:16:11.200710] Job completed.
[2025-10-02 05:26:11.200826] Running job...
penidnign jobs:  19
[2025-10-02 05:26:11.253931] Job completed.
[2025-10-02 05:36:11.254341] Running job...
penidnign jobs:  19
[2025-10-02 05:36:11.312984] Job completed.
[2025-10-02 05:46:11.313256] Running job...
penidnign jobs:  19
[2025-10-02 05:46:11.368074] Job completed.
[2025-10-02 05:56:11.368379] Running job...
penidnign jobs:  19
[2025-10-02 05:56:11.422345] Job completed.
[2025-10-02 06:06:11.422548] Running job...
penidnign jobs:  19
[2025-10-02 06:06:11.478438] Job completed.
[2025-10-02 06:16:11.478813] Running job...
penidnign jobs:  19
[2025-10-02 06:16:11.530581] Job completed.
[2025-10-02 06:26:11.530763] Running job...
penidnign jobs:  19
[2025-10-02 06:26:11.586058] Job completed.
[2025-10-02 06:36:11.586174] Running job...
penidnign jobs:  19
[2025-10-02 06:36:11.639137] Job completed.
[2025-10-02 06:46:11.639356] Running job...
penidnign jobs:  19
[2025-10-02 06:46:11.692307] Job completed.
[2025-10-02 06:56:11.692549] Running job...
penidnign jobs:  19
[2025-10-02 06:56:11.747038] Job completed.
[2025-10-02 07:06:11.747155] Running job...
penidnign jobs:  19
[2025-10-02 07:06:11.802776] Job completed.
[2025-10-02 07:16:11.803194] Running job...
penidnign jobs:  19
[2025-10-02 07:16:11.860381] Job completed.
[2025-10-02 07:26:11.860573] Running job...
penidnign jobs:  19
[2025-10-02 07:26:11.913918] Job completed.
[2025-10-02 07:36:11.914164] Running job...
penidnign jobs:  19
[2025-10-02 07:36:11.970770] Job completed.
[2025-10-02 07:46:11.970974] Running job...
penidnign jobs:  19
[2025-10-02 07:46:12.028371] Job completed.
[2025-10-02 07:56:12.028528] Running job...
penidnign jobs:  19
[2025-10-02 07:56:12.082055] Job completed.
[2025-10-02 08:06:12.082168] Running job...
penidnign jobs:  19
[2025-10-02 08:06:12.142534] Job completed.
[2025-10-02 08:16:12.142726] Running job...
penidnign jobs:  18
[2025-10-02 08:16:12.196500] Job completed.
[2025-10-02 08:26:12.196614] Running job...
penidnign jobs:  17
[2025-10-02 08:26:12.262776] Job completed.
[2025-10-02 08:36:12.262898] Running job...
penidnign jobs:  16
[2025-10-02 08:36:12.322568] Job completed.
[2025-10-02 08:46:12.322837] Running job...
penidnign jobs:  12
[2025-10-02 08:46:12.376392] Job completed.
[2025-10-02 08:56:12.376616] Running job...
penidnign jobs:  10
[2025-10-02 08:56:12.430287] Job completed.
[2025-10-02 09:06:12.430399] Running job...
penidnign jobs:  10
[2025-10-02 09:06:12.482457] Job completed.
[2025-10-02 09:16:12.482658] Running job...
penidnign jobs:  10
[2025-10-02 09:16:12.535787] Job completed.
[2025-10-02 09:26:12.535982] Running job...
penidnign jobs:  10
[2025-10-02 09:26:12.589115] Job completed.
[2025-10-02 09:36:12.589348] Running job...
penidnign jobs:  10
[2025-10-02 09:36:12.641243] Job completed.
[2025-10-02 09:46:12.641416] Running job...
penidnign jobs:  10
[2025-10-02 09:46:12.696814] Job completed.
[2025-10-02 09:56:12.697158] Running job...
penidnign jobs:  9
[2025-10-02 09:56:12.747624] Job completed.
[2025-10-02 10:06:12.747842] Running job...
penidnign jobs:  9
[2025-10-02 10:06:12.803795] Job completed.
[2025-10-02 10:16:12.804148] Running job...
penidnign jobs:  9
[2025-10-02 10:16:12.857225] Job completed.
[2025-10-02 10:26:12.857336] Running job...
penidnign jobs:  9
[2025-10-02 10:26:12.912649] Job completed.
[2025-10-02 10:36:12.912764] Running job...
penidnign jobs:  9
[2025-10-02 10:36:12.970847] Job completed.
[2025-10-02 10:46:12.971057] Running job...
penidnign jobs:  9
[2025-10-02 10:46:13.025227] Job completed.
[2025-10-02 10:56:13.025498] Running job...
penidnign jobs:  9
[2025-10-02 10:56:13.076441] Job completed.
[2025-10-02 11:06:13.076555] Running job...
penidnign jobs:  9
[2025-10-02 11:06:13.126729] Job completed.
[2025-10-02 11:16:13.126946] Running job...
penidnign jobs:  9
[2025-10-02 11:16:13.177573] Job completed.
[2025-10-02 11:26:13.177918] Running job...
penidnign jobs:  9
[2025-10-02 11:26:13.229598] Job completed.
[2025-10-02 11:36:13.229810] Running job...
penidnign jobs:  9
[2025-10-02 11:36:13.280831] Job completed.
[2025-10-02 11:46:13.280950] Running job...
penidnign jobs:  9
[2025-10-02 11:46:13.337560] Job completed.
[2025-10-02 11:56:13.337672] Running job...
penidnign jobs:  9
[2025-10-02 11:56:13.386734] Job completed.
[2025-10-02 12:06:13.386867] Running job...
penidnign jobs:  8
[2025-10-02 12:06:13.440074] Job completed.
[2025-10-02 12:16:13.440335] Running job...
penidnign jobs:  8
[2025-10-02 12:16:13.496978] Job completed.
[2025-10-02 12:26:13.497338] Running job...
penidnign jobs:  8
[2025-10-02 12:26:13.549723] Job completed.
[2025-10-02 12:36:13.549905] Running job...
penidnign jobs:  8
[2025-10-02 12:36:13.599525] Job completed.
[2025-10-02 12:46:13.599835] Running job...
penidnign jobs:  7
[2025-10-02 12:46:13.651042] Job completed.
[2025-10-02 12:56:13.651253] Running job...
penidnign jobs:  6
[2025-10-02 12:56:13.704007] Job completed.
[2025-10-02 13:06:13.704124] Running job...
penidnign jobs:  6
[2025-10-02 13:06:13.755976] Job completed.
[2025-10-02 13:16:13.756111] Running job...
penidnign jobs:  6
[2025-10-02 13:16:13.809350] Job completed.
[2025-10-02 13:26:13.809502] Running job...
penidnign jobs:  5
[2025-10-02 13:26:13.858691] Job completed.
[2025-10-02 13:36:13.858876] Running job...
penidnign jobs:  5
[2025-10-02 13:36:13.910824] Job completed.
[2025-10-02 13:46:13.911134] Running job...
penidnign jobs:  4
[2025-10-02 13:46:13.964366] Job completed.
[2025-10-02 13:56:13.964563] Running job...
penidnign jobs:  2
[2025-10-02 13:56:14.013831] Job completed.
[2025-10-02 14:06:14.014018] Running job...
penidnign jobs:  2
[2025-10-02 14:06:14.064362] Job completed.
[2025-10-02 14:16:14.064744] Running job...
penidnign jobs:  2
[2025-10-02 14:16:14.117333] Job completed.
[2025-10-02 14:26:14.117533] Running job...
penidnign jobs:  0
Number of jobs: 2
[2025-10-02 14:26:14.388471] Job completed.
[2025-10-02 14:36:14.389691] Running job...
penidnign jobs:  1
[2025-10-02 14:36:14.441349] Job completed.
[2025-10-02 14:46:14.441616] Running job...
penidnign jobs:  1
[2025-10-02 14:46:14.493837] Job completed.
[2025-10-02 14:56:14.494046] Running job...
penidnign jobs:  1
[2025-10-02 14:56:14.543481] Job completed.
[2025-10-02 15:06:14.543800] Running job...
penidnign jobs:  1
[2025-10-02 15:06:14.594133] Job completed.
[2025-10-02 15:16:14.594577] Running job...
penidnign jobs:  1
[2025-10-02 15:16:14.750760] Job completed.
[2025-10-02 15:26:14.750873] Running job...
penidnign jobs:  1
[2025-10-02 15:26:14.799994] Job completed.
[2025-10-02 15:36:14.800108] Running job...
penidnign jobs:  1
[2025-10-02 15:36:14.854491] Job completed.
[2025-10-02 15:46:14.854681] Running job...
penidnign jobs:  1
[2025-10-02 15:46:14.904920] Job completed.
[2025-10-02 15:56:14.905095] Running job...
penidnign jobs:  1
[2025-10-02 15:56:14.953795] Job completed.
[2025-10-02 16:06:14.954033] Running job...
penidnign jobs:  1
[2025-10-02 16:06:15.010175] Job completed.
[2025-10-02 16:16:15.010483] Running job...
penidnign jobs:  1
[2025-10-02 16:16:15.062814] Job completed.
[2025-10-02 16:26:15.063164] Running job...
penidnign jobs:  1
[2025-10-02 16:26:15.121253] Job completed.
[2025-10-02 16:36:15.121374] Running job...
penidnign jobs:  1
[2025-10-02 16:36:15.174011] Job completed.
[2025-10-02 16:46:15.174323] Running job...
penidnign jobs:  1
[2025-10-02 16:46:15.228174] Job completed.
[2025-10-02 16:56:15.228298] Running job...
penidnign jobs:  1
[2025-10-02 16:56:15.282555] Job completed.
[2025-10-02 17:06:15.282754] Running job...
penidnign jobs:  1
[2025-10-02 17:06:15.333145] Job completed.
[2025-10-02 17:16:15.333455] Running job...
penidnign jobs:  1
[2025-10-02 17:16:15.386387] Job completed.
[2025-10-02 17:26:15.386596] Running job...
penidnign jobs:  1
[2025-10-02 17:26:15.861004] Job completed.
[2025-10-02 17:36:15.861238] Running job...
penidnign jobs:  1
[2025-10-02 17:36:15.912832] Job completed.
[2025-10-02 17:46:15.912953] Running job...
penidnign jobs:  1
[2025-10-02 17:46:15.961060] Job completed.
[2025-10-02 17:56:15.961268] Running job...
penidnign jobs:  1
[2025-10-02 17:56:16.015500] Job completed.
[2025-10-02 18:06:16.015685] Running job...
penidnign jobs:  1
[2025-10-02 18:06:16.064989] Job completed.
[2025-10-02 18:16:16.065186] Running job...
penidnign jobs:  1
[2025-10-02 18:16:16.114622] Job completed.
[2025-10-02 18:26:16.114814] Running job...
penidnign jobs:  1
[2025-10-02 18:26:16.169880] Job completed.
[2025-10-02 18:36:16.170062] Running job...
penidnign jobs:  1
[2025-10-02 18:36:16.221357] Job completed.
[2025-10-02 18:46:16.221566] Running job...
penidnign jobs:  1
[2025-10-02 18:46:16.271314] Job completed.
[2025-10-02 18:56:16.271802] Running job...
penidnign jobs:  1
[2025-10-02 18:56:16.321486] Job completed.
[2025-10-02 19:06:16.321787] Running job...
penidnign jobs:  1
[2025-10-02 19:06:16.376014] Job completed.
[2025-10-02 19:16:16.376298] Running job...
penidnign jobs:  1
[2025-10-02 19:16:17.141908] Job completed.
[2025-10-02 19:26:17.142130] Running job...
penidnign jobs:  1
[2025-10-02 19:26:17.195971] Job completed.
[2025-10-02 19:36:17.196264] Running job...
penidnign jobs:  1
[2025-10-02 19:36:17.250384] Job completed.
[2025-10-02 19:46:17.250653] Running job...
penidnign jobs:  1
[2025-10-02 19:46:17.305405] Job completed.
[2025-10-02 19:56:17.305588] Running job...
penidnign jobs:  1
[2025-10-02 19:56:17.383042] Job completed.
[2025-10-02 20:06:17.383244] Running job...
penidnign jobs:  2
[2025-10-02 20:06:17.433968] Job completed.
[2025-10-02 20:16:17.434321] Running job...
penidnign jobs:  2
[2025-10-02 20:16:17.502354] Job completed.
[2025-10-02 20:26:17.502663] Running job...
penidnign jobs:  2
[2025-10-02 20:26:17.555730] Job completed.
[2025-10-02 20:36:17.555928] Running job...
penidnign jobs:  2
[2025-10-02 20:36:17.607114] Job completed.
[2025-10-02 20:46:17.607335] Running job...
penidnign jobs:  2
[2025-10-02 20:46:17.660991] Job completed.
[2025-10-02 20:56:17.661297] Running job...
penidnign jobs:  2
[2025-10-02 20:56:17.713168] Job completed.
[2025-10-02 21:06:17.713245] Running job...
penidnign jobs:  3
[2025-10-02 21:06:17.768689] Job completed.
[2025-10-02 21:16:17.768811] Running job...
penidnign jobs:  3
[2025-10-02 21:16:17.821129] Job completed.
[2025-10-02 21:26:17.821421] Running job...
penidnign jobs:  3
[2025-10-02 21:26:17.875553] Job completed.
[2025-10-02 21:36:17.875786] Running job...
penidnign jobs:  3
[2025-10-02 21:36:17.929546] Job completed.
[2025-10-02 21:46:17.929766] Running job...
penidnign jobs:  3
[2025-10-02 21:46:17.984799] Job completed.
[2025-10-02 21:56:17.984973] Running job...
penidnign jobs:  3
[2025-10-02 21:56:18.036625] Job completed.
[2025-10-02 22:06:18.036807] Running job...
penidnign jobs:  3
[2025-10-02 22:06:18.088395] Job completed.
[2025-10-02 22:16:18.088670] Running job...
penidnign jobs:  3
[2025-10-02 22:16:18.143557] Job completed.
[2025-10-02 22:26:18.143775] Running job...
penidnign jobs:  3
[2025-10-02 22:26:18.194041] Job completed.
[2025-10-02 22:36:18.194152] Running job...
penidnign jobs:  3
[2025-10-02 22:36:18.245894] Job completed.
[2025-10-02 22:46:18.246016] Running job...
penidnign jobs:  3
[2025-10-02 22:46:18.296110] Job completed.
[2025-10-02 22:56:18.296340] Running job...
penidnign jobs:  3
[2025-10-02 22:56:19.106886] Job completed.
[2025-10-02 23:06:19.107235] Running job...
penidnign jobs:  3
[2025-10-02 23:06:19.163107] Job completed.
[2025-10-02 23:16:19.163335] Running job...
penidnign jobs:  3
[2025-10-02 23:16:19.215673] Job completed.
[2025-10-02 23:26:19.216047] Running job...
penidnign jobs:  3
[2025-10-02 23:26:19.272608] Job completed.
[2025-10-02 23:36:19.272723] Running job...
penidnign jobs:  3
[2025-10-02 23:36:19.325516] Job completed.
[2025-10-02 23:46:19.325807] Running job...
penidnign jobs:  3
[2025-10-02 23:46:19.378720] Job completed.
[2025-10-02 23:56:19.379041] Running job...
penidnign jobs:  3
[2025-10-02 23:56:19.432094] Job completed.
[2025-10-03 00:06:19.432371] Running job...
penidnign jobs:  3
[2025-10-03 00:06:19.485401] Job completed.
[2025-10-03 00:16:19.485696] Running job...
penidnign jobs:  3
[2025-10-03 00:16:19.538979] Job completed.
[2025-10-03 00:26:19.539241] Running job...
penidnign jobs:  3
[2025-10-03 00:26:20.337351] Job completed.
[2025-10-03 00:36:20.337646] Running job...
penidnign jobs:  3
[2025-10-03 00:36:20.390640] Job completed.
[2025-10-03 00:46:20.390946] Running job...
penidnign jobs:  3
[2025-10-03 00:46:20.442627] Job completed.
[2025-10-03 00:56:20.442864] Running job...
penidnign jobs:  3
[2025-10-03 00:56:20.495100] Job completed.
[2025-10-03 01:06:20.495279] Running job...
penidnign jobs:  3
[2025-10-03 01:06:21.004564] Job completed.
[2025-10-03 01:16:21.004787] Running job...
penidnign jobs:  3
[2025-10-03 01:16:21.059182] Job completed.
[2025-10-03 01:26:21.059491] Running job...
penidnign jobs:  3
[2025-10-03 01:26:21.112134] Job completed.
[2025-10-03 01:36:21.112320] Running job...
penidnign jobs:  3
[2025-10-03 01:36:21.763535] Job completed.
[2025-10-03 01:46:21.763893] Running job...
penidnign jobs:  3
[2025-10-03 01:46:21.817368] Job completed.
[2025-10-03 01:56:21.817538] Running job...
penidnign jobs:  2
[2025-10-03 01:56:21.870115] Job completed.
[2025-10-03 02:06:21.870241] Running job...
penidnign jobs:  2
[2025-10-03 02:06:21.924001] Job completed.
[2025-10-03 02:16:21.924295] Running job...
penidnign jobs:  2
[2025-10-03 02:16:21.982386] Job completed.
[2025-10-03 02:26:21.982619] Running job...
penidnign jobs:  2
[2025-10-03 02:26:22.036666] Job completed.
[2025-10-03 02:36:22.036781] Running job...
penidnign jobs:  2
[2025-10-03 02:36:22.089742] Job completed.
[2025-10-03 02:46:22.090168] Running job...
penidnign jobs:  2
[2025-10-03 02:46:22.142028] Job completed.
[2025-10-03 02:56:22.142239] Running job...
penidnign jobs:  2
[2025-10-03 02:56:22.196847] Job completed.
[2025-10-03 03:06:22.197123] Running job...
penidnign jobs:  2
[2025-10-03 03:06:22.816746] Job completed.
[2025-10-03 03:16:22.816932] Running job...
penidnign jobs:  2
[2025-10-03 03:16:22.868404] Job completed.
[2025-10-03 03:26:22.868513] Running job...
penidnign jobs:  2
[2025-10-03 03:26:22.922592] Job completed.
[2025-10-03 03:36:22.922855] Running job...
penidnign jobs:  2
[2025-10-03 03:36:22.972481] Job completed.
[2025-10-03 03:46:22.972606] Running job...
penidnign jobs:  1
[2025-10-03 03:46:23.026590] Job completed.
[2025-10-03 03:56:23.026702] Running job...
penidnign jobs:  0
Number of jobs: 4
