gcc (GCC) 10.3.0
Copyright (C) 2020 Free Software Foundation, Inc.
This is free software; see the source for copying conditions.  There is NO
warranty; not even for MERCHANTABILITY or FITNESS FOR A PARTICULAR PURPOSE.

clargs ['ipattn_maps.py']
down_blocks.0.attentions.0.transformer_blocks.0.attn1
down_blocks.0.attentions.0.transformer_blocks.0.attn2
down_blocks.0.attentions.1.transformer_blocks.0.attn1
down_blocks.0.attentions.1.transformer_blocks.0.attn2
down_blocks.1.attentions.0.transformer_blocks.0.attn1
down_blocks.1.attentions.0.transformer_blocks.0.attn2
down_blocks.1.attentions.1.transformer_blocks.0.attn1
down_blocks.1.attentions.1.transformer_blocks.0.attn2
down_blocks.2.attentions.0.transformer_blocks.0.attn1
down_blocks.2.attentions.0.transformer_blocks.0.attn2
down_blocks.2.attentions.1.transformer_blocks.0.attn1
down_blocks.2.attentions.1.transformer_blocks.0.attn2
up_blocks.1.attentions.0.transformer_blocks.0.attn1
up_blocks.1.attentions.0.transformer_blocks.0.attn2
up_blocks.1.attentions.1.transformer_blocks.0.attn1
up_blocks.1.attentions.1.transformer_blocks.0.attn2
up_blocks.1.attentions.2.transformer_blocks.0.attn1
up_blocks.1.attentions.2.transformer_blocks.0.attn2
up_blocks.2.attentions.0.transformer_blocks.0.attn1
up_blocks.2.attentions.0.transformer_blocks.0.attn2
up_blocks.2.attentions.1.transformer_blocks.0.attn1
up_blocks.2.attentions.1.transformer_blocks.0.attn2
up_blocks.2.attentions.2.transformer_blocks.0.attn1
up_blocks.2.attentions.2.transformer_blocks.0.attn2
up_blocks.3.attentions.0.transformer_blocks.0.attn1
up_blocks.3.attentions.0.transformer_blocks.0.attn2
up_blocks.3.attentions.1.transformer_blocks.0.attn1
up_blocks.3.attentions.1.transformer_blocks.0.attn2
up_blocks.3.attentions.2.transformer_blocks.0.attn1
up_blocks.3.attentions.2.transformer_blocks.0.attn2
mid_block.attentions.0.transformer_blocks.0.attn1
mid_block.attentions.0.transformer_blocks.0.attn2
all done!
