Submitted batch job 47361802
Submitted batch job 47361803
Submitted batch job 47361804
Submitted batch job 47361805
Submitted batch job 47361806
Submitted batch job 47361807
Submitted batch job 47367706
Submitted batch job 47367707
Submitted batch job 47367708
Submitted batch job 47367709
Submitted batch job 47368302
Submitted batch job 47368303
Submitted batch job 47368306
Submitted batch job 47368307
SLURMD_NODENAME hal0072
SBATCH_CLUSTERS doesnt exist
SBATCH_PARTITION doesnt exist
SLURM_JOB_PARTITION main
SLURM_NODEID 0
SLURM_MEM_PER_GPU doesnt exist
SLURM_MEM_PER_CPU doesnt exist
SLURM_MEM_PER_NODE 128000
SLURM_JOB_ID 47357623
couldnt print cuda details
[2025-10-05 19:08:12.264265] Running job...
penidnign jobs:  1
[2025-10-05 19:08:12.309092] Job completed.
[2025-10-05 19:18:12.309255] Running job...
penidnign jobs:  1
[2025-10-05 19:18:12.359646] Job completed.
[2025-10-05 19:28:12.359819] Running job...
penidnign jobs:  1
[2025-10-05 19:28:14.006391] Job completed.
[2025-10-05 19:38:14.006508] Running job...
penidnign jobs:  1
[2025-10-05 19:38:14.057587] Job completed.
[2025-10-05 19:48:14.057758] Running job...
penidnign jobs:  1
[2025-10-05 19:48:14.111935] Job completed.
[2025-10-05 19:58:14.112093] Running job...
penidnign jobs:  3
[2025-10-05 19:58:14.184407] Job completed.
[2025-10-05 20:08:14.184564] Running job...
penidnign jobs:  3
[2025-10-05 20:08:14.238262] Job completed.
[2025-10-05 20:18:14.238433] Running job...
penidnign jobs:  3
[2025-10-05 20:18:14.295589] Job completed.
[2025-10-05 20:28:14.295761] Running job...
penidnign jobs:  3
[2025-10-05 20:28:14.351777] Job completed.
[2025-10-05 20:38:14.351937] Running job...
penidnign jobs:  3
[2025-10-05 20:38:14.409431] Job completed.
[2025-10-05 20:48:14.409580] Running job...
penidnign jobs:  3
[2025-10-05 20:48:14.468246] Job completed.
[2025-10-05 20:58:14.468399] Running job...
penidnign jobs:  3
[2025-10-05 20:58:14.523674] Job completed.
[2025-10-05 21:08:14.523806] Running job...
penidnign jobs:  3
[2025-10-05 21:08:14.579669] Job completed.
[2025-10-05 21:18:14.579822] Running job...
penidnign jobs:  3
[2025-10-05 21:18:14.643192] Job completed.
[2025-10-05 21:28:14.643342] Running job...
penidnign jobs:  3
[2025-10-05 21:28:14.697160] Job completed.
[2025-10-05 21:38:14.697335] Running job...
penidnign jobs:  3
[2025-10-05 21:38:14.759129] Job completed.
[2025-10-05 21:48:14.759289] Running job...
penidnign jobs:  3
[2025-10-05 21:48:14.816965] Job completed.
[2025-10-05 21:58:14.817123] Running job...
penidnign jobs:  3
[2025-10-05 21:58:14.871544] Job completed.
[2025-10-05 22:08:14.871687] Running job...
penidnign jobs:  3
[2025-10-05 22:08:15.628641] Job completed.
[2025-10-05 22:18:15.628789] Running job...
penidnign jobs:  3
[2025-10-05 22:18:15.692237] Job completed.
[2025-10-05 22:28:15.692386] Running job...
penidnign jobs:  2
[2025-10-05 22:28:15.745205] Job completed.
[2025-10-05 22:38:15.745353] Running job...
penidnign jobs:  2
[2025-10-05 22:38:15.800237] Job completed.
[2025-10-05 22:48:15.800395] Running job...
penidnign jobs:  2
[2025-10-05 22:48:15.865119] Job completed.
[2025-10-05 22:58:15.865273] Running job...
penidnign jobs:  0
Number of jobs: 12
[2025-10-05 22:58:16.552825] Job completed.
[2025-10-05 23:08:16.552988] Running job...
penidnign jobs:  6
[2025-10-05 23:08:16.611447] Job completed.
[2025-10-05 23:18:16.611599] Running job...
penidnign jobs:  6
[2025-10-05 23:18:16.671884] Job completed.
[2025-10-05 23:28:16.672036] Running job...
penidnign jobs:  6
[2025-10-05 23:28:16.729294] Job completed.
[2025-10-05 23:38:16.729457] Running job...
penidnign jobs:  6
[2025-10-05 23:38:18.358276] Job completed.
[2025-10-05 23:48:18.358386] Running job...
penidnign jobs:  6
[2025-10-05 23:48:18.415774] Job completed.
[2025-10-05 23:58:18.415903] Running job...
penidnign jobs:  6
[2025-10-05 23:58:18.479182] Job completed.
[2025-10-06 00:08:18.479333] Running job...
penidnign jobs:  6
[2025-10-06 00:08:18.536703] Job completed.
[2025-10-06 00:18:18.536844] Running job...
penidnign jobs:  6
[2025-10-06 00:18:18.590713] Job completed.
[2025-10-06 00:28:18.590823] Running job...
penidnign jobs:  6
[2025-10-06 00:28:18.650156] Job completed.
[2025-10-06 00:38:18.650335] Running job...
penidnign jobs:  6
[2025-10-06 00:38:18.708957] Job completed.
[2025-10-06 00:48:18.709113] Running job...
penidnign jobs:  6
[2025-10-06 00:48:18.762418] Job completed.
[2025-10-06 00:58:18.762525] Running job...
penidnign jobs:  6
[2025-10-06 00:58:18.816407] Job completed.
[2025-10-06 01:08:18.816549] Running job...
penidnign jobs:  6
[2025-10-06 01:08:18.873962] Job completed.
[2025-10-06 01:18:18.874111] Running job...
penidnign jobs:  6
[2025-10-06 01:18:18.923658] Job completed.
[2025-10-06 01:28:18.923816] Running job...
penidnign jobs:  6
[2025-10-06 01:28:18.983024] Job completed.
[2025-10-06 01:38:18.983182] Running job...
penidnign jobs:  6
[2025-10-06 01:38:19.042449] Job completed.
[2025-10-06 01:48:19.042601] Running job...
penidnign jobs:  6
[2025-10-06 01:48:19.101595] Job completed.
[2025-10-06 01:58:19.101764] Running job...
penidnign jobs:  4
[2025-10-06 01:58:19.159206] Job completed.
[2025-10-06 02:08:19.159363] Running job...
penidnign jobs:  3
[2025-10-06 02:08:19.216946] Job completed.
[2025-10-06 02:18:19.217096] Running job...
penidnign jobs:  3
[2025-10-06 02:18:19.270757] Job completed.
[2025-10-06 02:28:19.270870] Running job...
penidnign jobs:  2
[2025-10-06 02:28:19.330279] Job completed.
[2025-10-06 02:38:19.330386] Running job...
penidnign jobs:  2
[2025-10-06 02:38:19.391563] Job completed.
[2025-10-06 02:48:19.391720] Running job...
penidnign jobs:  2
[2025-10-06 02:48:19.452800] Job completed.
[2025-10-06 02:58:19.452970] Running job...
penidnign jobs:  2
[2025-10-06 02:58:19.511578] Job completed.
[2025-10-06 03:08:19.511711] Running job...
penidnign jobs:  2
[2025-10-06 03:08:19.576386] Job completed.
[2025-10-06 03:18:19.576497] Running job...
penidnign jobs:  2
[2025-10-06 03:18:19.631863] Job completed.
[2025-10-06 03:28:19.632032] Running job...
penidnign jobs:  2
[2025-10-06 03:28:19.689244] Job completed.
[2025-10-06 03:38:19.689414] Running job...
penidnign jobs:  2
[2025-10-06 03:38:19.752673] Job completed.
[2025-10-06 03:48:19.752839] Running job...
penidnign jobs:  2
[2025-10-06 03:48:19.814085] Job completed.
[2025-10-06 03:58:19.814239] Running job...
penidnign jobs:  2
[2025-10-06 03:58:19.872150] Job completed.
[2025-10-06 04:08:19.872322] Running job...
penidnign jobs:  1
[2025-10-06 04:08:19.931655] Job completed.
[2025-10-06 04:18:19.931814] Running job...
penidnign jobs:  1
[2025-10-06 04:18:19.989780] Job completed.
[2025-10-06 04:28:19.989937] Running job...
penidnign jobs:  1
[2025-10-06 04:28:20.046684] Job completed.
[2025-10-06 04:38:20.046838] Running job...
penidnign jobs:  1
[2025-10-06 04:38:20.104064] Job completed.
[2025-10-06 04:48:20.104217] Running job...
penidnign jobs:  0
Number of jobs: 8
[2025-10-06 04:48:20.423945] Job completed.
[2025-10-06 04:58:20.424095] Running job...
penidnign jobs:  1
[2025-10-06 04:58:20.478087] Job completed.
[2025-10-06 05:08:20.478237] Running job...
penidnign jobs:  0
Number of jobs: 0
[2025-10-06 05:08:20.610755] Job completed.
[2025-10-06 05:18:20.610914] Running job...
penidnign jobs:  0
Number of jobs: 0
[2025-10-06 05:18:20.726798] Job completed.
[2025-10-06 05:28:20.726950] Running job...
penidnign jobs:  0
Number of jobs: 0
[2025-10-06 05:28:20.838663] Job completed.
[2025-10-06 05:38:20.838816] Running job...
penidnign jobs:  0
Number of jobs: 0
[2025-10-06 05:38:20.926583] Job completed.
[2025-10-06 05:48:20.926735] Running job...
penidnign jobs:  0
Number of jobs: 0
[2025-10-06 05:48:21.025109] Job completed.
[2025-10-06 05:58:21.025265] Running job...
penidnign jobs:  0
Number of jobs: 0
[2025-10-06 05:58:21.137313] Job completed.
[2025-10-06 06:08:21.137464] Running job...
penidnign jobs:  0
Number of jobs: 0
[2025-10-06 06:08:21.258452] Job completed.
[2025-10-06 06:18:21.258614] Running job...
penidnign jobs:  0
Number of jobs: 4
[2025-10-06 06:18:21.416722] Job completed.
[2025-10-06 06:28:21.416855] Running job...
penidnign jobs:  0
Number of jobs: 4
[2025-10-06 06:28:21.602579] Job completed.
[2025-10-06 06:38:21.602730] Running job...
penidnign jobs:  0
Number of jobs: 0
[2025-10-06 06:38:21.708358] Job completed.
[2025-10-06 06:48:21.708469] Running job...
penidnign jobs:  0
Number of jobs: 0
[2025-10-06 06:48:21.800762] Job completed.
[2025-10-06 06:58:21.800918] Running job...
penidnign jobs:  0
Number of jobs: 0
[2025-10-06 06:58:21.914666] Job completed.Submitted batch job 47368371
Submitted batch job 47368372
Submitted batch job 47369026
Submitted batch job 47369027
Submitted batch job 47369029
Submitted batch job 47369030
Submitted batch job 47369502
Submitted batch job 47369503
Submitted batch job 47369504
Submitted batch job 47369505
Submitted batch job 47370722
Submitted batch job 47370723
Submitted batch job 47371027
Submitted batch job 47371028
Submitted batch job 47371779
Submitted batch job 47371780
Submitted batch job 47372301
Submitted batch job 47372302
Submitted batch job 47372303
Submitted batch job 47372304

[2025-10-06 07:08:21.915710] Running job...
penidnign jobs:  0
Number of jobs: 0
[2025-10-06 07:08:22.010523] Job completed.
[2025-10-06 07:18:22.010635] Running job...
penidnign jobs:  0
Number of jobs: 0
[2025-10-06 07:18:22.133438] Job completed.
[2025-10-06 07:28:22.133594] Running job...
penidnign jobs:  0
Number of jobs: 0
[2025-10-06 07:28:22.256744] Job completed.
[2025-10-06 07:38:22.256897] Running job...
penidnign jobs:  0
Number of jobs: 4
[2025-10-06 07:38:22.442024] Job completed.
[2025-10-06 07:48:22.442171] Running job...
penidnign jobs:  0
Number of jobs: 0
[2025-10-06 07:48:22.547768] Job completed.
[2025-10-06 07:58:22.547915] Running job...
penidnign jobs:  0
Number of jobs: 0
[2025-10-06 07:58:22.636972] Job completed.
[2025-10-06 08:08:22.637125] Running job...
penidnign jobs:  0
Number of jobs: 0
[2025-10-06 08:08:22.738493] Job completed.
[2025-10-06 08:18:22.738649] Running job...
penidnign jobs:  0
Number of jobs: 4
[2025-10-06 08:18:22.932213] Job completed.
[2025-10-06 08:28:22.932369] Running job...
penidnign jobs:  0
Number of jobs: 4
[2025-10-06 08:28:23.099804] Job completed.
[2025-10-06 08:38:23.099957] Running job...
penidnign jobs:  0
Number of jobs: 0
[2025-10-06 08:38:23.196088] Job completed.
[2025-10-06 08:48:23.196247] Running job...
penidnign jobs:  0
Number of jobs: 0
[2025-10-06 08:48:23.281544] Job completed.
[2025-10-06 08:58:23.281688] Running job...
penidnign jobs:  0
Number of jobs: 8
[2025-10-06 08:58:23.489951] Job completed.
[2025-10-06 09:08:23.490106] Running job...
penidnign jobs:  0
Number of jobs: 0
[2025-10-06 09:08:23.644758] Job completed.
[2025-10-06 09:18:23.644913] Running job...
penidnign jobs:  0
Number of jobs: 0
[2025-10-06 09:18:23.755582] Job completed.
[2025-10-06 09:28:23.755735] Running job...
penidnign jobs:  0
Number of jobs: 0
[2025-10-06 09:28:23.843968] Job completed.
[2025-10-06 09:38:23.844139] Running job...
penidnign jobs:  0
Number of jobs: 0
[2025-10-06 09:38:23.955754] Job completed.
[2025-10-06 09:48:23.955907] Running job...
penidnign jobs:  0
Number of jobs: 0
[2025-10-06 09:48:24.070538] Job completed.
[2025-10-06 09:58:24.070695] Running job...
penidnign jobs:  0
Number of jobs: 0
[2025-10-06 09:58:24.210866] Job completed.
[2025-10-06 10:08:24.211026] Running job...
penidnign jobs:  0
Number of jobs: 0
[2025-10-06 10:08:24.344722] Job completed.
[2025-10-06 10:18:24.344873] Running job...
penidnign jobs:  0
Number of jobs: 0
[2025-10-06 10:18:24.468592] Job completed.
[2025-10-06 10:28:24.468745] Running job...
penidnign jobs:  0
Number of jobs: 0
[2025-10-06 10:28:24.602294] Job completed.
[2025-10-06 10:38:24.602482] Running job...
penidnign jobs:  0
Number of jobs: 4
[2025-10-06 10:38:26.248455] Job completed.
[2025-10-06 10:48:26.248613] Running job...
penidnign jobs:  0
Number of jobs: 0
[2025-10-06 10:48:26.377162] Job completed.
[2025-10-06 10:58:26.377337] Running job...
penidnign jobs:  0
Number of jobs: 0
[2025-10-06 10:58:26.518561] Job completed.
[2025-10-06 11:08:26.518715] Running job...
penidnign jobs:  0
Number of jobs: 4
[2025-10-06 11:08:26.693571] Job completed.
[2025-10-06 11:18:26.693724] Running job...
penidnign jobs:  0
Number of jobs: 0
[2025-10-06 11:18:26.814325] Job completed.
[2025-10-06 11:28:26.814480] Running job...
penidnign jobs:  0
Number of jobs: 0
[2025-10-06 11:28:27.615803] Job completed.
[2025-10-06 11:38:27.615954] Running job...
penidnign jobs:  0
Number of jobs: 0
[2025-10-06 11:38:29.327800] Job completed.
[2025-10-06 11:48:29.327952] Running job...
penidnign jobs:  0
Number of jobs: 0
[2025-10-06 11:48:29.451592] Job completed.
[2025-10-06 11:58:29.451743] Running job...
penidnign jobs:  0
Number of jobs: 4
[2025-10-06 11:58:29.839493] Job completed.
[2025-10-06 12:08:29.839646] Running job...
penidnign jobs:  0
Number of jobs: 0
[2025-10-06 12:08:30.011671] Job completed.
[2025-10-06 12:18:30.011829] Running job...
penidnign jobs:  0
Number of jobs: 0
[2025-10-06 12:18:30.148002] Job completed.
[2025-10-06 12:28:30.148151] Running job...
penidnign jobs:  0
Number of jobs: 8
[2025-10-06 12:28:30.405588] Job completed.
[2025-10-06 12:38:30.405741] Running job...
penidnign jobs:  2
[2025-10-06 12:38:30.458061] Job completed.
[2025-10-06 12:48:30.458216] Running job...
penidnign jobs:  2
[2025-10-06 12:48:30.515146] Job completed.
[2025-10-06 12:58:30.515296] Running job...
penidnign jobs:  2
[2025-10-06 12:58:31.722147] Job completed.
[2025-10-06 13:08:31.722316] Running job...
penidnign jobs:  2
[2025-10-06 13:08:31.778764] Job completed.
[2025-10-06 13:18:31.778935] Running job...
penidnign jobs:  3
[2025-10-06 13:18:31.832973] Job completed.
[2025-10-06 13:28:31.833138] Running job...
penidnign jobs:  2
[2025-10-06 13:28:31.891596] Job completed.
[2025-10-06 13:38:31.891744] Running job...
penidnign jobs:  2
[2025-10-06 13:38:31.948053] Job completed.
[2025-10-06 13:48:31.948202] Running job...
penidnign jobs:  2
[2025-10-06 13:48:32.005926] Job completed.
[2025-10-06 13:58:32.006073] Running job...
penidnign jobs:  2
[2025-10-06 13:58:32.067522] Job completed.
[2025-10-06 14:08:32.067677] Running job...
penidnign jobs:  2
[2025-10-06 14:08:32.128982] Job completed.
[2025-10-06 14:18:32.129150] Running job...
penidnign jobs:  2
[2025-10-06 14:18:32.180560] Job completed.
[2025-10-06 14:28:32.180709] Running job...
penidnign jobs:  2
[2025-10-06 14:28:32.235735] Job completed.
[2025-10-06 14:38:32.235885] Running job...
penidnign jobs:  2
[2025-10-06 14:38:32.289528] Job completed.
[2025-10-06 14:48:32.289683] Running job...
penidnign jobs:  2
[2025-10-06 14:48:32.345667] Job completed.
[2025-10-06 14:58:32.345818] Running job...
penidnign jobs:  2
[2025-10-06 14:58:32.398730] Job completed.
[2025-10-06 15:08:32.398881] Running job...
penidnign jobs:  2
[2025-10-06 15:08:32.449247] Job completed.
[2025-10-06 15:18:32.449399] Running job...
penidnign jobs:  2
[2025-10-06 15:18:32.613558] Job completed.
[2025-10-06 15:28:32.613742] Running job...
penidnign jobs:  2
[2025-10-06 15:28:32.669817] Job completed.
[2025-10-06 15:38:32.669970] Running job...
penidnign jobs:  2
[2025-10-06 15:38:32.728209] Job completed.
[2025-10-06 15:48:32.728368] Running job...
penidnign jobs:  2
[2025-10-06 15:48:32.779197] Job completed.
[2025-10-06 15:58:32.779352] Running job...
penidnign jobs:  1
[2025-10-06 15:58:32.832843] Job completed.
[2025-10-06 16:08:32.832991] Running job...
penidnign jobs:  1
[2025-10-06 16:08:32.888190] Job completed.
[2025-10-06 16:18:32.888344] Running job...
penidnign jobs:  1
[2025-10-06 16:18:32.938143] Job completed.
[2025-10-06 16:28:32.938295] Running job...
penidnign jobs:  1
[2025-10-06 16:28:32.995392] Job completed.
[2025-10-06 16:38:32.995543] Running job...
penidnign jobs:  1
[2025-10-06 16:38:33.050994] Job completed.
[2025-10-06 16:48:33.051143] Running job...
penidnign jobs:  1
[2025-10-06 16:48:33.107727] Job completed.
[2025-10-06 16:58:33.107872] Running job...
penidnign jobs:  1
[2025-10-06 16:58:33.165376] Job completed.
[2025-10-06 17:08:33.165488] Running job...
penidnign jobs:  1
[2025-10-06 17:08:33.219596] Job completed.
[2025-10-06 17:18:33.219748] Running job...
penidnign jobs:  1
[2025-10-06 17:18:33.275277] Job completed.
[2025-10-06 17:28:33.275441] Running job...
penidnign jobs:  1
[2025-10-06 17:28:33.331289] Job completed.
[2025-10-06 17:38:33.331458] Running job...
penidnign jobs:  1
[2025-10-06 17:38:34.597390] Job completed.
[2025-10-06 17:48:34.597542] Running job...
penidnign jobs:  1
[2025-10-06 17:48:34.655767] Job completed.
[2025-10-06 17:58:34.655918] Running job...
penidnign jobs:  1
[2025-10-06 17:58:34.710428] Job completed.
[2025-10-06 18:08:34.710587] Running job...
penidnign jobs:  1
[2025-10-06 18:08:34.768486] Job completed.
[2025-10-06 18:18:34.768641] Running job...
penidnign jobs:  1
[2025-10-06 18:18:34.821542] Job completed.
[2025-10-06 18:28:34.821696] Running job...
penidnign jobs:  1
[2025-10-06 18:28:34.881829] Job completed.
[2025-10-06 18:38:34.881995] Running job...
penidnign jobs:  0
Number of jobs: 12
