gcc (GCC) 13.3.0
Copyright (C) 2023 Free Software Foundation, Inc.
This is free software; see the source for copying conditions.  There is NO
warranty; not even for MERCHANTABILITY or FITNESS FOR A PARTICULAR PURPOSE.

Running on: g20-02
Allocated GPUs:
Tue Sep 30 09:50:36 2025       
+-----------------------------------------------------------------------------------------+
| NVIDIA-SMI 575.51.03              Driver Version: 575.51.03      CUDA Version: 12.9     |
|-----------------------------------------+------------------------+----------------------+
| GPU  Name                 Persistence-M | Bus-Id          Disp.A | Volatile Uncorr. ECC |
| Fan  Temp   Perf          Pwr:Usage/Cap |           Memory-Usage | GPU-Util  Compute M. |
|                                         |                        |               MIG M. |
|=========================================+========================+======================|
|   0  NVIDIA GeForce RTX 2080 Ti     On  |   00000000:1B:00.0 Off |                  N/A |
| 24%   21C    P8             23W /  250W |       1MiB /  11264MiB |      0%      Default |
|                                         |                        |                  N/A |
+-----------------------------------------+------------------------+----------------------+
                                                                                         
+-----------------------------------------------------------------------------------------+
| Processes:                                                                              |
|  GPU   GI   CI              PID   Type   Process name                        GPU Memory |
|        ID   ID                                                               Usage      |
|=========================================================================================|
|  No running processes found                                                             |
+-----------------------------------------------------------------------------------------+
version
nvcc: NVIDIA (R) Cuda compiler driver
Copyright (c) 2005-2025 NVIDIA Corporation
Built on Wed_Jan_15_19:20:09_PST_2025
Cuda compilation tools, release 12.8, V12.8.61
Build cuda_12.8.r12.8/compiler.35404655_0
SLURMD_NODENAME g20-02
SBATCH_CLUSTERS doesnt exist
SBATCH_PARTITION doesnt exist
SLURM_JOB_PARTITION gpu
SLURM_NODEID 0
SLURM_MEM_PER_GPU doesnt exist
SLURM_MEM_PER_CPU doesnt exist
SLURM_MEM_PER_NODE 128000
SLURM_JOB_ID 100751
torch.cuda.get_device_name() NVIDIA GeForce RTX 2080 Ti
torch.cuda.get_device_capability() (7, 5)
GPU Name: NVIDIA GeForce RTX 2080 Ti
GPU Memory Total: 10822.9375 MB
GPU Memory Free: 0.0 MB
GPU Memory Used: 0.0 MB
Namespace(mixed_precision='no', project_name='evaluation-creative', dataset_list=['jlbaker361/free-mtg', 'jlbaker361/tfi2i-mtg'], limit=2)
jlbaker361/free-mtg & 0.2576969379448218 & 0.2903712509319677 & 0.5354749758415461  \\ 
jlbaker361/tfi2i-mtg & 0.2711503400137432 & 0.09098891028404515 & 0.4840846776401735  \\ 
successful generating:) time elapsed: 28.230024814605713 seconds = 0.007841673559612699 hours
all done!
[1;34mwandb[0m: 
[1;34mwandb[0m: 🚀 View run [33mclear-water-158[0m at: [34mhttps://wandb.ai/jlbaker361/evaluation-creative/runs/rliej5ot[0m
[1;34mwandb[0m: Find logs at: [1;35m../../../../../ada/donengel/common/wandb/wandb/run-20250930_095232-rliej5ot/logs[0m
Running on: g20-02
Allocated GPUs:
Tue Sep 30 09:53:02 2025       
+-----------------------------------------------------------------------------------------+
| NVIDIA-SMI 575.51.03              Driver Version: 575.51.03      CUDA Version: 12.9     |
|-----------------------------------------+------------------------+----------------------+
| GPU  Name                 Persistence-M | Bus-Id          Disp.A | Volatile Uncorr. ECC |
| Fan  Temp   Perf          Pwr:Usage/Cap |           Memory-Usage | GPU-Util  Compute M. |
|                                         |                        |               MIG M. |
|=========================================+========================+======================|
|   0  NVIDIA GeForce RTX 2080 Ti     On  |   00000000:1B:00.0 Off |                  N/A |
| 24%   21C    P8             27W /  250W |       1MiB /  11264MiB |      0%      Default |
|                                         |                        |                  N/A |
+-----------------------------------------+------------------------+----------------------+
                                                                                         
+-----------------------------------------------------------------------------------------+
| Processes:                                                                              |
|  GPU   GI   CI              PID   Type   Process name                        GPU Memory |
|        ID   ID                                                               Usage      |
|=========================================================================================|
|  No running processes found                                                             |
+-----------------------------------------------------------------------------------------+
