gcc (GCC) 13.3.0
Copyright (C) 2023 Free Software Foundation, Inc.
This is free software; see the source for copying conditions.  There is NO
warranty; not even for MERCHANTABILITY or FITNESS FOR A PARTICULAR PURPOSE.

Running on: g20-09
Allocated GPUs:
Tue Sep 16 19:47:26 2025       
+-----------------------------------------------------------------------------------------+
| NVIDIA-SMI 575.51.03              Driver Version: 575.51.03      CUDA Version: 12.9     |
|-----------------------------------------+------------------------+----------------------+
| GPU  Name                 Persistence-M | Bus-Id          Disp.A | Volatile Uncorr. ECC |
| Fan  Temp   Perf          Pwr:Usage/Cap |           Memory-Usage | GPU-Util  Compute M. |
|                                         |                        |               MIG M. |
|=========================================+========================+======================|
|   0  Quadro RTX 6000                On  |   00000000:1B:00.0 Off |                  Off |
| 33%   24C    P8              4W /  260W |       1MiB /  24576MiB |      0%      Default |
|                                         |                        |                  N/A |
+-----------------------------------------+------------------------+----------------------+
                                                                                         
+-----------------------------------------------------------------------------------------+
| Processes:                                                                              |
|  GPU   GI   CI              PID   Type   Process name                        GPU Memory |
|        ID   ID                                                               Usage      |
|=========================================================================================|
|  No running processes found                                                             |
+-----------------------------------------------------------------------------------------+
version
nvcc: NVIDIA (R) Cuda compiler driver
Copyright (c) 2005-2025 NVIDIA Corporation
Built on Wed_Jan_15_19:20:09_PST_2025
Cuda compilation tools, release 12.8, V12.8.61
Build cuda_12.8.r12.8/compiler.35404655_0
SLURMD_NODENAME g20-09
SBATCH_CLUSTERS doesnt exist
SBATCH_PARTITION doesnt exist
SLURM_JOB_PARTITION gpu
SLURM_NODEID 0
SLURM_MEM_PER_GPU doesnt exist
SLURM_MEM_PER_CPU doesnt exist
SLURM_MEM_PER_NODE 128000
SLURM_JOB_ID 97752
torch.cuda.get_device_name() Quadro RTX 6000
torch.cuda.get_device_capability() (7, 5)
GPU Name: Quadro RTX 6000
GPU Memory Total: 24023.75 MB
GPU Memory Free: 2509.58056640625 MB
GPU Memory Used: 5130.0 MB
Namespace(mixed_precision='fp16', src_dataset='jlbaker361/mtg', num_inference_steps=20, project_name='baseline', limit=2, instruct_clip=False, ultra_edit=False)
load checkpoint from /home/jbaker15/.cache/ImageReward/ImageReward.pt
checkpoint loaded
successful generating:) time elapsed: 30.642018795013428 seconds = 0.00851167188750373 hours
all done!
[1;34mwandb[0m: 
[1;34mwandb[0m: 🚀 View run [33mradiant-hill-9[0m at: [34mhttps://wandb.ai/jlbaker361/baseline/runs/z56tx75r[0m
[1;34mwandb[0m: Find logs at: [1;35m../../../../../ada/donengel/common/wandb/wandb/run-20250916_195107-z56tx75r/logs[0m
Running on: g20-09
Allocated GPUs:
Tue Sep 16 19:51:30 2025       
+-----------------------------------------------------------------------------------------+
| NVIDIA-SMI 575.51.03              Driver Version: 575.51.03      CUDA Version: 12.9     |
|-----------------------------------------+------------------------+----------------------+
| GPU  Name                 Persistence-M | Bus-Id          Disp.A | Volatile Uncorr. ECC |
| Fan  Temp   Perf          Pwr:Usage/Cap |           Memory-Usage | GPU-Util  Compute M. |
|                                         |                        |               MIG M. |
|=========================================+========================+======================|
|   0  Quadro RTX 6000                On  |   00000000:1B:00.0 Off |                  Off |
| 33%   39C    P0             60W /  260W |       1MiB /  24576MiB |      0%      Default |
|                                         |                        |                  N/A |
+-----------------------------------------+------------------------+----------------------+
                                                                                         
+-----------------------------------------------------------------------------------------+
| Processes:                                                                              |
|  GPU   GI   CI              PID   Type   Process name                        GPU Memory |
|        ID   ID                                                               Usage      |
|=========================================================================================|
|  No running processes found                                                             |
+-----------------------------------------------------------------------------------------+
