gcc (GCC) 10.3.0
Copyright (C) 2020 Free Software Foundation, Inc.
This is free software; see the source for copying conditions.  There is NO
warranty; not even for MERCHANTABILITY or FITNESS FOR A PARTICULAR PURPOSE.

SLURMD_NODENAME gpu027
SBATCH_CLUSTERS doesnt exist
SBATCH_PARTITION doesnt exist
SLURM_JOB_PARTITION gpu
SLURM_NODEID 0
SLURM_MEM_PER_GPU doesnt exist
SLURM_MEM_PER_CPU doesnt exist
SLURM_MEM_PER_NODE 128000
SLURM_JOB_ID 47359155
torch.cuda.get_device_name() NVIDIA A100-PCIE-40GB
torch.cuda.get_device_capability() (8, 0)
GPU Name: NVIDIA A100-PCIE-40GB
GPU Memory Total: 40339.3125 MB
GPU Memory Free: 0.0 MB
GPU Memory Used: 0.0 MB
Namespace(mixed_precision='no', project_name='evaluation-creative', dataset_list=['jlbaker361/tfi2i-mtg', 'jlbaker361/rect-mtg', 'jlbaker361/masa-mtg', 'jlbaker361/free-mtg', 'jlbaker361/ip_1.0_mtg', 'jlbaker361/ip_0.5_mtg', 'jlbaker361/attn-mtg'], limit=-1)
[1;34mwandb[0m: 
[1;34mwandb[0m: 🚀 View run [33mfine-spaceship-170[0m at: [34mhttps://wandb.ai/jlbaker361/evaluation-creative/runs/wgsfybx4[0m
[1;34mwandb[0m: Find logs at: [1;35m../../../../scratch/jlb638/wandb/wandb/run-20251005_225110-wgsfybx4/logs[0m
